08:30:41.761 [main                     ] DEBUG Logger               - Configured Logger
08:30:41.798 [main                     ] DEBUG GameApplication      - Logging settings
Title: Untitled
Version: 0.0
Width: 1280
Height: 720
Fullscreen: false
Intro: false
Profiling: false
Single step:false
App Mode: DEVELOPER
Menu Key: ESCAPE
Stage Style: DECORATED
Scene Factory: class com.whhs.platformer.App$1

08:30:42.560 [JavaFX Application Thread] DEBUG FXGLApplication      - Initializing FXGL
08:30:42.567 [JavaFX Application Thread] INFO  Engine               - FXGL-17 (31.12.2021 18.16) on WINDOWS (J:17.0.8.1 FX:13)
08:30:42.569 [JavaFX Application Thread] DEBUG Engine               - JRE Vendor Name: Eclipse Adoptium
08:30:42.569 [JavaFX Application Thread] DEBUG Engine               - Running on OS: Windows 11 version 10.0
08:30:42.570 [JavaFX Application Thread] DEBUG Engine               - Architecture: amd64
08:30:42.570 [JavaFX Application Thread] INFO  Engine               - Source code and latest versions at: https://github.com/AlmasB/FXGL
08:30:42.570 [JavaFX Application Thread] INFO  Engine               -       Ask questions and discuss at: https://github.com/AlmasB/FXGL/discussions
08:30:42.570 [JavaFX Application Thread] INFO  Engine               -              Join the FXGL chat at: https://gitter.im/AlmasB/FXGL
08:30:42.672 [JavaFX Application Thread] DEBUG PrimaryStageWindow   - Creating a JavaFX scene
08:30:42.723 [JavaFX Application Thread] DEBUG PrimaryStageWindow   - Target settings size: 1280.0 x 720.0
08:30:42.724 [JavaFX Application Thread] DEBUG PrimaryStageWindow   - Scaled scene size:    1280.0 x 720.0
08:30:42.724 [JavaFX Application Thread] DEBUG PrimaryStageWindow   - Scaled ratio: (1.0, 1.0)
08:30:42.727 [JavaFX Application Thread] DEBUG PrimaryStageWindow   - Set initial scene to FXGLStartupScene
08:30:42.740 [JavaFX Application Thread] DEBUG PrimaryStageWindow   - Opening main window
08:30:42.839 [JavaFX Application Thread] DEBUG PrimaryStageWindow   - Window border size: (16.0, 39.0)
08:30:42.839 [JavaFX Application Thread] DEBUG PrimaryStageWindow   - Scaled size: 1280.0 x 720.0
08:30:42.839 [JavaFX Application Thread] DEBUG PrimaryStageWindow   - Scaled ratio: (1.0, 1.0)
08:30:42.840 [JavaFX Application Thread] DEBUG PrimaryStageWindow   - Scene size: 1280.0 x 720.0
08:30:42.840 [JavaFX Application Thread] DEBUG PrimaryStageWindow   - Stage size: 1296.0 x 759.0
08:30:42.852 [FXGL Background Thread 1 ] DEBUG Engine               - Initializing environment variables
08:30:42.932 [FXGL Background Thread 1 ] DEBUG FXGLAssetLoaderServi - User app class for loading assets: class com.whhs.platformer.App
08:30:42.933 [FXGL Background Thread 1 ] DEBUG GameApplicationServi - Applying CSS: fxgl_dark.css
08:30:42.935 [FXGL Background Thread 1 ] DEBUG FXGLAssetLoaderServi - Loading from file system: jar:file:///C:/Users/WDAGUtilityAccount/.m2/repository/com/github/almasb/fxgl/17/fxgl-17.jar!/fxglassets/ui/css/fxgl_dark.css
08:30:43.025 [FXGL Background Thread 1 ] DEBUG GameApplicationServi - Initializing application scenes
08:30:43.169 [FXGL Background Thread 1 ] DEBUG FXGLAssetLoaderServi - Loading from file system: file:/C:/Users/WDAGUtilityAccount/git/platformer/target/classes/assets/textures/player.png
08:30:43.209 [FXGL Background Thread 1 ] DEBUG GameWorld            - Game world initialized
08:30:43.260 [FXGL Background Thread 1 ] DEBUG PhysicsWorld         - Physics world initialized: appHeight=720, physics.ppm=50.0
08:30:43.260 [FXGL Background Thread 1 ] DEBUG PhysicsWorld         - Using strategy: BRUTE_FORCE
08:30:43.267 [FXGL Background Thread 1 ] DEBUG GameScene            - Game scene initialized: 1280x720
08:30:43.279 [FXGL Background Thread 1 ] DEBUG FXGL.DefaultMenu     - createMenuBodyGameMenu()
08:30:43.299 [FXGL Background Thread 1 ] DEBUG FXGL.DefaultMenu     - createOptionsMenu()
08:30:43.317 [FXGL Background Thread 1 ] DEBUG FXGLAssetLoaderServi - Loading from file system: jar:file:///C:/Users/WDAGUtilityAccount/.m2/repository/com/github/almasb/fxgl/17/fxgl-17.jar!/fxglassets/textures/particles/smoke.png
08:30:43.443 [FXGL Background Thread 1 ] DEBUG FXGLAssetLoaderServi - Loading from file system: jar:file:///C:/Users/WDAGUtilityAccount/.m2/repository/com/github/almasb/fxgl/17/fxgl-17.jar!/fxglassets/textures/particles/trace_horizontal.png
08:30:43.509 [FXGL Background Thread 1 ] DEBUG GameApplicationServi - Application scenes initialized
08:30:43.533 [FXGL Background Thread 1 ] DEBUG SystemBundleService  - Loading FXGL system data
08:30:43.546 [FXGL Background Thread 1 ] DEBUG FileSystemAccess     - Reading from: C:\Users\WDAGUtilityAccount\git\platformer\system\fxgl.bundle
08:30:43.558 [FXGL Background Thread 1 ] DEBUG SystemBundleService  - Bundle FXGL: {}
08:30:43.558 [FXGL Background Thread 1 ] DEBUG UpdaterService       - Checking for updates
08:30:43.568 [FXGL Background Thread 4 ] DEBUG FXGLApplication      - Loading fonts
08:30:43.568 [FXGL Background Thread 1 ] DEBUG FXGLApplication      - Loading default localization
08:30:43.568 [FXGL Background Thread 4 ] DEBUG FXGLAssetLoaderServi - Loading from file system: jar:file:///C:/Users/WDAGUtilityAccount/.m2/repository/com/github/almasb/fxgl/17/fxgl-17.jar!/fxglassets/ui/fonts/VarelaRound-Regular.ttf
08:30:43.569 [FXGL Background Thread 1 ] DEBUG FXGLAssetLoaderServi - Loading from file system: jar:file:///C:/Users/WDAGUtilityAccount/.m2/repository/com/github/almasb/fxgl/17/fxgl-17.jar!/fxglassets/languages/english.lang
08:30:43.611 [FXGL Background Thread 1 ] INFO  FXGLApplication      - FXGL initialization took: 0.759 sec
08:30:43.638 [JavaFX Application Thread] DEBUG Input                - Registered new binding: left - A
08:30:43.639 [JavaFX Application Thread] DEBUG Input                - Registered new binding: Right - D
08:30:43.639 [JavaFX Application Thread] DEBUG Input                - Registered new binding: Jump - W
08:30:43.640 [JavaFX Application Thread] DEBUG Input                - Registered new binding: Use - E
08:30:43.640 [JavaFX Application Thread] DEBUG FXGLAssetLoaderServi - Loading from file system: jar:file:///C:/Users/WDAGUtilityAccount/.m2/repository/com/github/almasb/fxgl/17/fxgl-17.jar!/fxglassets/textures/fxgl_icon.png
08:30:43.643 [FXGL Background Thread 4 ] DEBUG FXGLAssetLoaderServi - Loading from file system: jar:file:///C:/Users/WDAGUtilityAccount/.m2/repository/com/github/almasb/fxgl/17/fxgl-17.jar!/fxglassets/ui/fonts/Abel-Regular.ttf
08:30:43.646 [FXGL Background Thread 4 ] DEBUG FXGLAssetLoaderServi - Loading from file system: jar:file:///C:/Users/WDAGUtilityAccount/.m2/repository/com/github/almasb/fxgl/17/fxgl-17.jar!/fxglassets/ui/fonts/TerminalLandMono-Regular.otf
08:30:43.655 [FXGL Background Thread 4 ] DEBUG FXGLAssetLoaderServi - Loading from file system: jar:file:///C:/Users/WDAGUtilityAccount/.m2/repository/com/github/almasb/fxgl/17/fxgl-17.jar!/fxglassets/ui/fonts/Courier-Prime.ttf
08:30:43.660 [JavaFX Application Thread] DEBUG FXGLAssetLoaderServi - Loading from file system: jar:file:///C:/Users/WDAGUtilityAccount/.m2/repository/com/github/almasb/fxgl/17/fxgl-17.jar!/fxglassets/textures/fxgl_default_cursor.png
08:30:43.667 [JavaFX Application Thread] DEBUG Input                - Registered new binding: Screenshot - CTRL+8
08:30:43.668 [JavaFX Application Thread] DEBUG Input                - Registered new binding: System info dump - CTRL+9
08:30:43.668 [JavaFX Application Thread] DEBUG Input                - Registered new binding: Restart - CTRL+R
08:30:43.671 [JavaFX Application Thread] DEBUG Input                - Registered new binding: Toggle Debug Camera - CTRL+7
08:30:43.682 [JavaFX Application Thread] DEBUG LoopRunner           - Starting loop
08:30:43.682 [JavaFX Application Thread] DEBUG LoopRunner           - Initializing JavaFX AnimationTimerLoop
08:30:43.689 [JavaFX Application Thread] DEBUG GameApplicationServi - Starting new game
08:30:43.690 [JavaFX Application Thread] DEBUG Input                - Clearing active input actions
08:30:43.708 [JavaFX Application Thread] DEBUG GameApplicationServi - Removing overlay from FXGLStartupScene and adding to MainLoadingScene
08:30:43.708 [JavaFX Application Thread] DEBUG PrimaryStageWindow   - FXGLStartupScene -> MainLoadingScene
08:30:43.708 [JavaFX Application Thread] DEBUG GameApplicationServi - Clearing previous game
08:30:43.708 [JavaFX Application Thread] DEBUG GameScene            - Clearing game scene
08:30:43.709 [JavaFX Application Thread] DEBUG GameWorld            - Clearing game world
08:30:43.709 [JavaFX Application Thread] DEBUG PhysicsWorld         - Clearing physics world
08:30:43.713 [JavaFX Application Thread] DEBUG FXGLApplication      - Registering font factories with UI factory
08:30:43.713 [FXGL Background Thread 4 ] DEBUG FXGLApplication      - Initializing game
08:30:43.858 [FXGL Background Thread 4 ] DEBUG TMXLevelLoader       - Parsed TiledMap: file:/C:/Users/WDAGUtilityAccount/git/platformer/target/classes/assets/levels/tmx/level1.tmx
08:30:43.859 [FXGL Background Thread 4 ] DEBUG TMXLevelLoader       - Creating tile layer entities
08:30:43.861 [FXGL Background Thread 4 ] DEBUG TilesetLoader        - Loading view for layer Tile Layer 1
08:30:43.862 [FXGL Background Thread 4 ] DEBUG TilesetLoader        - Created buffer with size 1050.0x700.0
08:30:43.878 [FXGL Background Thread 4 ] DEBUG TMXLevelLoader       - Creating object layer entities
08:30:43.958 [FXGL Background Thread 4 ] DEBUG GameWorld            - Clearing removable entities
08:30:43.959 [FXGL Background Thread 4 ] DEBUG GameWorld            - Setting level: com.almasb.fxgl.entity.level.Level@475fb395
08:30:43.997 [FXGL Background Thread 4 ] DEBUG FXGLAssetLoaderServi - Loading from file system: file:/C:/Users/WDAGUtilityAccount/git/platformer/target/classes/assets/textures/background/forest.png
08:30:44.029 [FXGL Background Thread 4 ] INFO  FXGLApplication      - Game initialization took: 0.317 sec
08:30:44.043 [JavaFX Application Thread] DEBUG Input                - Clearing active input actions
08:30:44.056 [JavaFX Application Thread] DEBUG GameApplicationServi - Removing overlay from MainLoadingScene and adding to GameScene
08:30:44.056 [JavaFX Application Thread] DEBUG PrimaryStageWindow   - MainLoadingScene -> GameScene
08:30:44.524 [FXGL Background Thread 2 ] INFO  UpdaterService       - Your current version:  17
08:30:44.524 [FXGL Background Thread 2 ] INFO  UpdaterService       - Latest stable version: 17.3
08:30:46.563 [FXGL Background Thread 3 ] DEBUG Engine               - Logging environment variables
08:30:46.564 [FXGL Background Thread 3 ] DEBUG Engine               - achievements: []
08:30:46.564 [FXGL Background Thread 3 ] DEBUG Engine               - actualHeight: 720.0
08:30:46.564 [FXGL Background Thread 3 ] DEBUG Engine               - actualHeightProperty: ReadOnlyDoubleProperty [value: 720.0]
08:30:46.565 [FXGL Background Thread 3 ] DEBUG Engine               - actualWidth: 1280.0
08:30:46.565 [FXGL Background Thread 3 ] DEBUG Engine               - actualWidthProperty: ReadOnlyDoubleProperty [value: 1280.0]
08:30:46.565 [FXGL Background Thread 3 ] DEBUG Engine               - appIcon: fxgl_icon.png
08:30:46.565 [FXGL Background Thread 3 ] DEBUG Engine               - applicationMode: DEVELOPER
08:30:46.565 [FXGL Background Thread 3 ] DEBUG Engine               - cSSList: [fxgl_dark.css]
08:30:46.565 [FXGL Background Thread 3 ] DEBUG Engine               - collisionDetectionStrategy: BRUTE_FORCE
08:30:46.565 [FXGL Background Thread 3 ] DEBUG Engine               - configClass: Optional.empty
08:30:46.565 [FXGL Background Thread 3 ] DEBUG Engine               - credits: []
08:30:46.566 [FXGL Background Thread 3 ] DEBUG Engine               - defaultCursor: CursorInfo(imageName=fxgl_default_cursor.png, hotspotX=7.0, hotspotY=6.0)
08:30:46.566 [FXGL Background Thread 3 ] DEBUG Engine               - devBBoxColorProperty: ObjectProperty [value: 0xff0000ff]
08:30:46.566 [FXGL Background Thread 3 ] DEBUG Engine               - devEnableDebugCameraProperty: BooleanProperty [value: false]
08:30:46.566 [FXGL Background Thread 3 ] DEBUG Engine               - devSensorColorProperty: ObjectProperty [value: 0xffff00ff]
08:30:46.566 [FXGL Background Thread 3 ] DEBUG Engine               - devShowBBoxProperty: BooleanProperty [value: false]
08:30:46.567 [FXGL Background Thread 3 ] DEBUG Engine               - devShowPositionProperty: BooleanProperty [value: false]
08:30:46.567 [FXGL Background Thread 3 ] DEBUG Engine               - enabledMenuItems: []
08:30:46.567 [FXGL Background Thread 3 ] DEBUG Engine               - engineServices: [class com.almasb.fxgl.app.services.FXGLAssetLoaderService, class com.almasb.fxgl.app.FXGLApplication$GameApplicationService, class com.almasb.fxgl.app.services.FXGLDialogService, class com.almasb.fxgl.app.services.IOTaskExecutorService, class com.almasb.fxgl.io.FileSystemService, class com.almasb.fxgl.localization.LocalizationService, class com.almasb.fxgl.app.services.SystemBundleService, class com.almasb.fxgl.profile.SaveLoadService, class com.almasb.fxgl.ui.FXGLUIFactoryServiceProvider, class com.almasb.fxgl.ui.FXGLDialogFactoryServiceProvider, class com.almasb.fxgl.audio.AudioPlayer, class com.almasb.fxgl.notification.impl.NotificationServiceProvider, class com.almasb.fxgl.achievement.AchievementService, class com.almasb.fxgl.cutscene.CutsceneService, class com.almasb.fxgl.minigames.MiniGameService, class com.almasb.fxgl.net.NetService, class com.almasb.fxgl.app.services.UpdaterService, class com.almasb.fxgl.dev.DevService]
08:30:46.567 [FXGL Background Thread 3 ] DEBUG Engine               - fontGame: Abel-Regular.ttf
08:30:46.567 [FXGL Background Thread 3 ] DEBUG Engine               - fontMono: TerminalLandMono-Regular.otf
08:30:46.567 [FXGL Background Thread 3 ] DEBUG Engine               - fontText: Courier-Prime.ttf
08:30:46.567 [FXGL Background Thread 3 ] DEBUG Engine               - fontUI: VarelaRound-Regular.ttf
08:30:46.567 [FXGL Background Thread 3 ] DEBUG Engine               - fullScreen: BooleanProperty [value: false]
08:30:46.567 [FXGL Background Thread 3 ] DEBUG Engine               - gameDifficulty: MEDIUM
08:30:46.567 [FXGL Background Thread 3 ] DEBUG Engine               - gameDifficultyProperty: ObjectProperty [value: MEDIUM]
08:30:46.567 [FXGL Background Thread 3 ] DEBUG Engine               - globalMusicVolume: 0.5
08:30:46.567 [FXGL Background Thread 3 ] DEBUG Engine               - globalMusicVolumeProperty: DoubleProperty [value: 0.5]
08:30:46.567 [FXGL Background Thread 3 ] DEBUG Engine               - globalSoundVolume: 0.5
08:30:46.567 [FXGL Background Thread 3 ] DEBUG Engine               - globalSoundVolumeProperty: DoubleProperty [value: 0.5]
08:30:46.567 [FXGL Background Thread 3 ] DEBUG Engine               - height: 720
08:30:46.567 [FXGL Background Thread 3 ] DEBUG Engine               - is3D: false
08:30:46.567 [FXGL Background Thread 3 ] DEBUG Engine               - isAndroid: false
08:30:46.567 [FXGL Background Thread 3 ] DEBUG Engine               - isBrowser: false
08:30:46.567 [FXGL Background Thread 3 ] DEBUG Engine               - isClickFeedbackEnabled: false
08:30:46.567 [FXGL Background Thread 3 ] DEBUG Engine               - isCloseConfirmation: false
08:30:46.567 [FXGL Background Thread 3 ] DEBUG Engine               - isDesktop: true
08:30:46.567 [FXGL Background Thread 3 ] DEBUG Engine               - isDeveloperMenuEnabled: false
08:30:46.567 [FXGL Background Thread 3 ] DEBUG Engine               - isEmbedded: false
08:30:46.569 [FXGL Background Thread 3 ] DEBUG Engine               - isEntityPreloadEnabled: true
08:30:46.569 [FXGL Background Thread 3 ] DEBUG Engine               - isExperimentalTiledLargeMap: false
08:30:46.569 [FXGL Background Thread 3 ] DEBUG Engine               - isFileSystemWriteAllowed: true
08:30:46.569 [FXGL Background Thread 3 ] DEBUG Engine               - isFullScreenAllowed: false
08:30:46.569 [FXGL Background Thread 3 ] DEBUG Engine               - isFullScreenFromStart: false
08:30:46.569 [FXGL Background Thread 3 ] DEBUG Engine               - isGameMenuEnabled: true
08:30:46.569 [FXGL Background Thread 3 ] DEBUG Engine               - isIOS: false
08:30:46.569 [FXGL Background Thread 3 ] DEBUG Engine               - isIntroEnabled: false
08:30:46.569 [FXGL Background Thread 3 ] DEBUG Engine               - isLinux: false
08:30:46.569 [FXGL Background Thread 3 ] DEBUG Engine               - isMac: false
08:30:46.569 [FXGL Background Thread 3 ] DEBUG Engine               - isMainMenuEnabled: false
08:30:46.569 [FXGL Background Thread 3 ] DEBUG Engine               - isManualResizeEnabled: false
08:30:46.570 [FXGL Background Thread 3 ] DEBUG Engine               - isMobile: false
08:30:46.570 [FXGL Background Thread 3 ] DEBUG Engine               - isNative: false
08:30:46.570 [FXGL Background Thread 3 ] DEBUG Engine               - isPauseMusicWhenMinimized: true
08:30:46.570 [FXGL Background Thread 3 ] DEBUG Engine               - isPreserveResizeRatio: false
08:30:46.570 [FXGL Background Thread 3 ] DEBUG Engine               - isProfilingEnabled: false
08:30:46.570 [FXGL Background Thread 3 ] DEBUG Engine               - isScaleAffectedOnResize: true
08:30:46.570 [FXGL Background Thread 3 ] DEBUG Engine               - isSingleStep: false
08:30:46.570 [FXGL Background Thread 3 ] DEBUG Engine               - isUserProfileEnabled: false
08:30:46.570 [FXGL Background Thread 3 ] DEBUG Engine               - isWindows: true
08:30:46.570 [FXGL Background Thread 3 ] DEBUG Engine               - language: ObjectProperty [value: ENGLISH]
08:30:46.570 [FXGL Background Thread 3 ] DEBUG Engine               - menuKey: ESCAPE
08:30:46.570 [FXGL Background Thread 3 ] DEBUG Engine               - mouseSensitivity: 0.2
08:30:46.570 [FXGL Background Thread 3 ] DEBUG Engine               - notificationViewClass: class com.almasb.fxgl.notification.view.XboxNotificationView
08:30:46.570 [FXGL Background Thread 3 ] DEBUG Engine               - pixelsPerMeter: 50.0
08:30:46.570 [FXGL Background Thread 3 ] DEBUG Engine               - platform: WINDOWS
08:30:46.571 [FXGL Background Thread 3 ] DEBUG Engine               - prefHeightProperty: ReadOnlyDoubleProperty [value: 720.0]
08:30:46.571 [FXGL Background Thread 3 ] DEBUG Engine               - prefWidthProperty: ReadOnlyDoubleProperty [value: 1280.0]
08:30:46.571 [FXGL Background Thread 3 ] DEBUG Engine               - profileDir: profiles/
08:30:46.571 [FXGL Background Thread 3 ] DEBUG Engine               - profileName: StringProperty [value: DEFAULT]
08:30:46.571 [FXGL Background Thread 3 ] DEBUG Engine               - randomSeed: -1
08:30:46.572 [FXGL Background Thread 3 ] DEBUG Engine               - runtimeInfo: RuntimeInfo(platform=WINDOWS, version=17, build=31.12.2021 18.16)
08:30:46.572 [FXGL Background Thread 3 ] DEBUG Engine               - saveFileExt: sav
08:30:46.572 [FXGL Background Thread 3 ] DEBUG Engine               - scaledHeightProp$fxgl: DoubleProperty [bound, value: 720.0]
08:30:46.573 [FXGL Background Thread 3 ] DEBUG Engine               - scaledWidthProp$fxgl: DoubleProperty [bound, value: 1280.0]
08:30:46.575 [FXGL Background Thread 3 ] DEBUG Engine               - sceneFactory: com.whhs.platformer.App$1@1fa9ad26
08:30:46.576 [FXGL Background Thread 3 ] DEBUG Engine               - secondsIn24h: 60
08:30:46.576 [FXGL Background Thread 3 ] DEBUG Engine               - soundMenuBack: menu/back.wav
08:30:46.576 [FXGL Background Thread 3 ] DEBUG Engine               - soundMenuPress: menu/press.wav
08:30:46.577 [FXGL Background Thread 3 ] DEBUG Engine               - soundMenuSelect: menu/select.wav
08:30:46.577 [FXGL Background Thread 3 ] DEBUG Engine               - soundNotification: core/notification.wav
08:30:46.577 [FXGL Background Thread 3 ] DEBUG Engine               - stageStyle: DECORATED
08:30:46.578 [FXGL Background Thread 3 ] DEBUG Engine               - supportedLanguages: [ENGLISH, FRENCH, GERMAN, HUNGARIAN, RUSSIAN]
08:30:46.578 [FXGL Background Thread 3 ] DEBUG Engine               - ticksPerSecond: -1
08:30:46.578 [FXGL Background Thread 3 ] DEBUG Engine               - title: Untitled
08:30:46.579 [FXGL Background Thread 3 ] DEBUG Engine               - urlGithub: https://github.com/AlmasB/FXGL
08:30:46.579 [FXGL Background Thread 3 ] DEBUG Engine               - urlLeaderboard: http://fxgl-top.herokuapp.com/
08:30:46.579 [FXGL Background Thread 3 ] DEBUG Engine               - urlPOM: https://raw.githubusercontent.com/AlmasB/FXGL/release/README.md
08:30:46.579 [FXGL Background Thread 3 ] DEBUG Engine               - userAppClass: class com.whhs.platformer.App
08:30:46.579 [FXGL Background Thread 3 ] DEBUG Engine               - version: 0.0
08:30:46.579 [FXGL Background Thread 3 ] DEBUG Engine               - versionCheckDays: 7
08:30:46.579 [FXGL Background Thread 3 ] DEBUG Engine               - width: 1280
08:30:46.579 [FXGL Background Thread 3 ] DEBUG Engine               - Logging services
08:30:46.579 [FXGL Background Thread 3 ] DEBUG Engine               - class com.almasb.fxgl.app.services.FXGLAssetLoaderService
08:30:46.579 [FXGL Background Thread 3 ] DEBUG Engine               - class com.almasb.fxgl.app.FXGLApplication$GameApplicationService
08:30:46.579 [FXGL Background Thread 3 ] DEBUG Engine               - class com.almasb.fxgl.app.services.FXGLDialogService
08:30:46.579 [FXGL Background Thread 3 ] DEBUG Engine               - class com.almasb.fxgl.app.services.IOTaskExecutorService
08:30:46.579 [FXGL Background Thread 3 ] DEBUG Engine               - class com.almasb.fxgl.io.FileSystemService
08:30:46.579 [FXGL Background Thread 3 ] DEBUG Engine               - class com.almasb.fxgl.localization.LocalizationService
08:30:46.579 [FXGL Background Thread 3 ] DEBUG Engine               - class com.almasb.fxgl.app.services.SystemBundleService
08:30:46.579 [FXGL Background Thread 3 ] DEBUG Engine               - class com.almasb.fxgl.profile.SaveLoadService
08:30:46.580 [FXGL Background Thread 3 ] DEBUG Engine               - class com.almasb.fxgl.ui.FXGLUIFactoryServiceProvider
08:30:46.580 [FXGL Background Thread 3 ] DEBUG Engine               - class com.almasb.fxgl.ui.FXGLDialogFactoryServiceProvider
08:30:46.580 [FXGL Background Thread 3 ] DEBUG Engine               - class com.almasb.fxgl.audio.AudioPlayer
08:30:46.580 [FXGL Background Thread 3 ] DEBUG Engine               - class com.almasb.fxgl.notification.impl.NotificationServiceProvider
08:30:46.580 [FXGL Background Thread 3 ] DEBUG Engine               - class com.almasb.fxgl.achievement.AchievementService
08:30:46.580 [FXGL Background Thread 3 ] DEBUG Engine               - class com.almasb.fxgl.cutscene.CutsceneService
08:30:46.580 [FXGL Background Thread 3 ] DEBUG Engine               - class com.almasb.fxgl.minigames.MiniGameService
08:30:46.580 [FXGL Background Thread 3 ] DEBUG Engine               - class com.almasb.fxgl.net.NetService
08:30:46.580 [FXGL Background Thread 3 ] DEBUG Engine               - class com.almasb.fxgl.app.services.UpdaterService
08:30:46.580 [FXGL Background Thread 3 ] DEBUG Engine               - class com.almasb.fxgl.dev.DevService
08:30:56.681 [JavaFX Application Thread] DEBUG FXGLApplication      - Exiting FXGL
08:30:56.681 [JavaFX Application Thread] DEBUG LoopRunner           - Stopping loop
08:30:56.681 [JavaFX Application Thread] DEBUG SystemBundleService  - Saving FXGL system data
08:30:56.683 [JavaFX Application Thread] DEBUG FileSystemAccess     - Writing to: C:\Users\WDAGUtilityAccount\git\platformer\system\fxgl.bundle
08:30:56.687 [JavaFX Application Thread] DEBUG Async                - Shutting down background threads
08:30:56.687 [JavaFX Application Thread] DEBUG PrimaryStageWindow   - Closing main window
08:30:56.709 [JavaFX Application Thread] DEBUG Logger               - Closing Logger
