14:46:46.053 [main                     ] DEBUG Logger               - Configured Logger
14:46:46.086 [main                     ] DEBUG GameApplication      - Logging settings
Title: Untitled
Version: 0.0
Width: 1280
Height: 720
Fullscreen: false
Intro: false
Profiling: false
Single step:false
App Mode: DEVELOPER
Menu Key: ESCAPE
Stage Style: DECORATED
Scene Factory: class com.whhs.platformer.PlatformerApp$1

14:46:46.642 [JavaFX Application Thread] DEBUG FXGLApplication      - Initializing FXGL
14:46:46.650 [JavaFX Application Thread] INFO  Engine               - FXGL-17 (31.12.2021 18.16) on WINDOWS (J:17.0.8.1 FX:13)
14:46:46.651 [JavaFX Application Thread] DEBUG Engine               - JRE Vendor Name: Eclipse Adoptium
14:46:46.651 [JavaFX Application Thread] DEBUG Engine               - Running on OS: Windows 11 version 10.0
14:46:46.652 [JavaFX Application Thread] DEBUG Engine               - Architecture: amd64
14:46:46.652 [JavaFX Application Thread] INFO  Engine               - Source code and latest versions at: https://github.com/AlmasB/FXGL
14:46:46.652 [JavaFX Application Thread] INFO  Engine               -       Ask questions and discuss at: https://github.com/AlmasB/FXGL/discussions
14:46:46.652 [JavaFX Application Thread] INFO  Engine               -              Join the FXGL chat at: https://gitter.im/AlmasB/FXGL
14:46:46.744 [JavaFX Application Thread] DEBUG PrimaryStageWindow   - Creating a JavaFX scene
14:46:46.793 [JavaFX Application Thread] DEBUG PrimaryStageWindow   - Target settings size: 1280.0 x 720.0
14:46:46.793 [JavaFX Application Thread] DEBUG PrimaryStageWindow   - Scaled scene size:    1280.0 x 720.0
14:46:46.794 [JavaFX Application Thread] DEBUG PrimaryStageWindow   - Scaled ratio: (1.0, 1.0)
14:46:46.795 [JavaFX Application Thread] DEBUG PrimaryStageWindow   - Set initial scene to FXGLStartupScene
14:46:46.807 [JavaFX Application Thread] DEBUG PrimaryStageWindow   - Opening main window
14:46:46.893 [JavaFX Application Thread] DEBUG PrimaryStageWindow   - Window border size: (16.0, 39.0)
14:46:46.894 [JavaFX Application Thread] DEBUG PrimaryStageWindow   - Scaled size: 1280.0 x 720.0
14:46:46.894 [JavaFX Application Thread] DEBUG PrimaryStageWindow   - Scaled ratio: (1.0, 1.0)
14:46:46.895 [JavaFX Application Thread] DEBUG PrimaryStageWindow   - Scene size: 1280.0 x 720.0
14:46:46.895 [JavaFX Application Thread] DEBUG PrimaryStageWindow   - Stage size: 1296.0 x 759.0
14:46:46.905 [FXGL Background Thread 1 ] DEBUG Engine               - Initializing environment variables
14:46:46.970 [FXGL Background Thread 1 ] DEBUG FXGLAssetLoaderServi - User app class for loading assets: class com.whhs.platformer.PlatformerApp
14:46:46.971 [FXGL Background Thread 1 ] DEBUG GameApplicationServi - Applying CSS: fxgl_dark.css
14:46:46.973 [FXGL Background Thread 1 ] DEBUG FXGLAssetLoaderServi - Loading from file system: jar:file:///C:/Users/WDAGUtilityAccount/.m2/repository/com/github/almasb/fxgl/17/fxgl-17.jar!/fxglassets/ui/css/fxgl_dark.css
14:46:47.055 [FXGL Background Thread 1 ] DEBUG GameApplicationServi - Initializing application scenes
14:46:47.184 [FXGL Background Thread 1 ] WARN  FXGLAssetLoaderServi - Asset "/assets/textures/player.png" was not found!
14:46:47.185 [FXGL Background Thread 1 ] WARN  FXGLAssetLoaderServi - Failed to load IMAGE
14:46:47.240 [FXGL Background Thread 1 ] DEBUG GameWorld            - Game world initialized
14:46:47.275 [FXGL Background Thread 1 ] DEBUG PhysicsWorld         - Physics world initialized: appHeight=720, physics.ppm=50.0
14:46:47.275 [FXGL Background Thread 1 ] DEBUG PhysicsWorld         - Using strategy: BRUTE_FORCE
14:46:47.279 [FXGL Background Thread 1 ] DEBUG GameScene            - Game scene initialized: 1280x720
14:46:47.289 [FXGL Background Thread 1 ] DEBUG FXGL.DefaultMenu     - createMenuBodyGameMenu()
14:46:47.304 [FXGL Background Thread 1 ] DEBUG FXGL.DefaultMenu     - createOptionsMenu()
14:46:47.331 [FXGL Background Thread 1 ] DEBUG FXGLAssetLoaderServi - Loading from file system: jar:file:///C:/Users/WDAGUtilityAccount/.m2/repository/com/github/almasb/fxgl/17/fxgl-17.jar!/fxglassets/textures/particles/smoke.png
14:46:47.443 [FXGL Background Thread 1 ] DEBUG FXGLAssetLoaderServi - Loading from file system: jar:file:///C:/Users/WDAGUtilityAccount/.m2/repository/com/github/almasb/fxgl/17/fxgl-17.jar!/fxglassets/textures/particles/trace_horizontal.png
14:46:47.473 [FXGL Background Thread 1 ] DEBUG GameApplicationServi - Application scenes initialized
14:46:47.503 [FXGL Background Thread 1 ] DEBUG SystemBundleService  - Loading FXGL system data
14:46:47.512 [FXGL Background Thread 1 ] WARN  SystemBundleService  - Failed to load: java.io.FileNotFoundException: C:\Users\WDAGUtilityAccount\git\platformer\system\fxgl.bundle (The system cannot find the file specified)
14:46:47.512 [FXGL Background Thread 1 ] DEBUG SystemBundleService  - Loading default FXGL system data
14:46:47.513 [FXGL Background Thread 1 ] DEBUG UpdaterService       - Checking for updates
14:46:47.531 [FXGL Background Thread 4 ] DEBUG FXGLApplication      - Loading fonts
14:46:47.531 [FXGL Background Thread 4 ] DEBUG FXGLAssetLoaderServi - Loading from file system: jar:file:///C:/Users/WDAGUtilityAccount/.m2/repository/com/github/almasb/fxgl/17/fxgl-17.jar!/fxglassets/ui/fonts/VarelaRound-Regular.ttf
14:46:47.535 [FXGL Background Thread 1 ] DEBUG FXGLApplication      - Loading default localization
14:46:47.536 [FXGL Background Thread 1 ] DEBUG FXGLAssetLoaderServi - Loading from file system: jar:file:///C:/Users/WDAGUtilityAccount/.m2/repository/com/github/almasb/fxgl/17/fxgl-17.jar!/fxglassets/languages/english.lang
14:46:47.620 [FXGL Background Thread 4 ] DEBUG FXGLAssetLoaderServi - Loading from file system: jar:file:///C:/Users/WDAGUtilityAccount/.m2/repository/com/github/almasb/fxgl/17/fxgl-17.jar!/fxglassets/ui/fonts/Abel-Regular.ttf
14:46:47.623 [FXGL Background Thread 4 ] DEBUG FXGLAssetLoaderServi - Loading from file system: jar:file:///C:/Users/WDAGUtilityAccount/.m2/repository/com/github/almasb/fxgl/17/fxgl-17.jar!/fxglassets/ui/fonts/TerminalLandMono-Regular.otf
14:46:47.625 [FXGL Background Thread 4 ] DEBUG FXGLAssetLoaderServi - Loading from file system: jar:file:///C:/Users/WDAGUtilityAccount/.m2/repository/com/github/almasb/fxgl/17/fxgl-17.jar!/fxglassets/ui/fonts/Courier-Prime.ttf
14:46:47.631 [JavaFX Application Thread] DEBUG FXGLApplication      - Registering font factories with UI factory
14:46:47.661 [FXGL Background Thread 1 ] INFO  FXGLApplication      - FXGL initialization took: 0.755 sec
14:46:47.689 [JavaFX Application Thread] DEBUG Input                - Registered new binding: left - A
14:46:47.690 [JavaFX Application Thread] DEBUG Input                - Registered new binding: Right - D
14:46:47.690 [JavaFX Application Thread] DEBUG Input                - Registered new binding: Jump - W
14:46:47.691 [JavaFX Application Thread] DEBUG Input                - Registered new binding: Use - E
14:46:47.691 [JavaFX Application Thread] DEBUG FXGLAssetLoaderServi - Loading from file system: jar:file:///C:/Users/WDAGUtilityAccount/.m2/repository/com/github/almasb/fxgl/17/fxgl-17.jar!/fxglassets/textures/fxgl_icon.png
14:46:47.709 [JavaFX Application Thread] DEBUG FXGLAssetLoaderServi - Loading from file system: jar:file:///C:/Users/WDAGUtilityAccount/.m2/repository/com/github/almasb/fxgl/17/fxgl-17.jar!/fxglassets/textures/fxgl_default_cursor.png
14:46:47.716 [JavaFX Application Thread] DEBUG Input                - Registered new binding: Screenshot - CTRL+8
14:46:47.718 [JavaFX Application Thread] DEBUG Input                - Registered new binding: System info dump - CTRL+9
14:46:47.719 [JavaFX Application Thread] DEBUG Input                - Registered new binding: Restart - CTRL+R
14:46:47.723 [JavaFX Application Thread] DEBUG Input                - Registered new binding: Toggle Debug Camera - CTRL+7
14:46:47.734 [JavaFX Application Thread] DEBUG LoopRunner           - Starting loop
14:46:47.734 [JavaFX Application Thread] DEBUG LoopRunner           - Initializing JavaFX AnimationTimerLoop
14:46:47.744 [JavaFX Application Thread] DEBUG GameApplicationServi - Starting new game
14:46:47.745 [JavaFX Application Thread] DEBUG Input                - Clearing active input actions
14:46:47.766 [JavaFX Application Thread] DEBUG GameApplicationServi - Removing overlay from FXGLStartupScene and adding to MainLoadingScene
14:46:47.767 [JavaFX Application Thread] DEBUG PrimaryStageWindow   - FXGLStartupScene -> MainLoadingScene
14:46:47.767 [JavaFX Application Thread] DEBUG GameApplicationServi - Clearing previous game
14:46:47.767 [JavaFX Application Thread] DEBUG GameScene            - Clearing game scene
14:46:47.767 [JavaFX Application Thread] DEBUG GameWorld            - Clearing game world
14:46:47.767 [JavaFX Application Thread] DEBUG PhysicsWorld         - Clearing physics world
14:46:47.769 [FXGL Background Thread 1 ] DEBUG FXGLApplication      - Initializing game
14:46:47.797 [FXGL Background Thread 1 ] WARN  FXGLAssetLoaderServi - Asset "/assets/levels/tmx/level1.tmx" was not found!
14:46:47.809 [JavaFX Application Thread] DEBUG LoopRunner           - Stopping loop
14:46:47.817 [JavaFX Application Thread] FATAL FXGLApplication      - Uncaught Exception:
java.lang.RuntimeException: Initialization failed
	at com.almasb.fxgl.all@17/com.almasb.fxgl.app.FXGLApplication$InitAppTask.failed(FXGLApplication.kt:343)
	at javafx.graphics/javafx.concurrent.Task.setState(Task.java:710)
	at javafx.graphics/javafx.concurrent.Task$TaskCallable.lambda$call$2(Task.java:1455)
	at javafx.graphics/com.sun.javafx.application.PlatformImpl.lambda$runLater$10(PlatformImpl.java:428)
	at java.base/java.security.AccessController.doPrivileged(AccessController.java:399)
	at javafx.graphics/com.sun.javafx.application.PlatformImpl.lambda$runLater$11(PlatformImpl.java:427)
	at javafx.graphics/com.sun.glass.ui.InvokeLaterDispatcher$Future.run(InvokeLaterDispatcher.java:96)
	at javafx.graphics/com.sun.glass.ui.win.WinApplication._runLoop(Native Method)
	at javafx.graphics/com.sun.glass.ui.win.WinApplication.lambda$runLoop$3(WinApplication.java:174)
	at java.base/java.lang.Thread.run(Thread.java:833)
Caused by: java.lang.IllegalArgumentException: Loading level failed. Asset not found: tmx/level1.tmx
	at com.almasb.fxgl.all@17/com.almasb.fxgl.app.services.FXGLAssetLoaderService.loadLevel(FXGLAssetLoaderService.kt:443)
	at com.almasb.fxgl.all@17/com.almasb.fxgl.dsl.FXGL$Companion.setLevelFromMap(FXGL.kt:530)
	at com.almasb.fxgl.all@17/com.almasb.fxgl.dsl.FXGL.setLevelFromMap(FXGL.kt)
	at com.whhs.platformer/com.whhs.platformer.PlatformerApp.setLevel(PlatformerApp.java:207)
	at com.whhs.platformer/com.whhs.platformer.PlatformerApp.nextLevel(PlatformerApp.java:196)
	at com.whhs.platformer/com.whhs.platformer.PlatformerApp.initGame(PlatformerApp.java:114)
	at com.almasb.fxgl.all@17/com.almasb.fxgl.app.FXGLApplication$InitAppTask.initGame(FXGLApplication.kt:339)
	at com.almasb.fxgl.all@17/com.almasb.fxgl.app.FXGLApplication$InitAppTask.call(FXGLApplication.kt:319)
	at com.almasb.fxgl.all@17/com.almasb.fxgl.app.FXGLApplication$InitAppTask.call(FXGLApplication.kt:311)
	at javafx.graphics/javafx.concurrent.Task$TaskCallable.call(Task.java:1425)
	at java.base/java.util.concurrent.FutureTask.run(FutureTask.java:264)
	at java.base/java.util.concurrent.Executors$RunnableAdapter.call(Executors.java:539)
	at java.base/java.util.concurrent.FutureTask.run(FutureTask.java:264)
	at java.base/java.util.concurrent.ThreadPoolExecutor.runWorker(ThreadPoolExecutor.java:1136)
	at java.base/java.util.concurrent.ThreadPoolExecutor$Worker.run(ThreadPoolExecutor.java:635)
	... 1 more

14:46:47.818 [JavaFX Application Thread] FATAL FXGLApplication      - Application will now exit
14:46:47.873 [JavaFX Application Thread] DEBUG PrimaryStageWindow   - Push state: ErrorSubScene
14:46:47.873 [JavaFX Application Thread] DEBUG Input                - Clearing active input actions
14:46:47.894 [JavaFX Application Thread] DEBUG GameApplicationServi - Removing overlay from MainLoadingScene and adding to ErrorSubScene
14:46:47.895 [JavaFX Application Thread] DEBUG PrimaryStageWindow   - MainLoadingScene -> ErrorSubScene
14:46:48.513 [FXGL Background Thread 2 ] INFO  UpdaterService       - Your current version:  17
14:46:48.513 [FXGL Background Thread 2 ] INFO  UpdaterService       - Latest stable version: 17.3
14:46:50.525 [FXGL Background Thread 3 ] DEBUG Engine               - Logging environment variables
14:46:50.525 [FXGL Background Thread 3 ] DEBUG Engine               - achievements: []
14:46:50.525 [FXGL Background Thread 3 ] DEBUG Engine               - actualHeight: 720.0
14:46:50.526 [FXGL Background Thread 3 ] DEBUG Engine               - actualHeightProperty: ReadOnlyDoubleProperty [value: 720.0]
14:46:50.526 [FXGL Background Thread 3 ] DEBUG Engine               - actualWidth: 1280.0
14:46:50.526 [FXGL Background Thread 3 ] DEBUG Engine               - actualWidthProperty: ReadOnlyDoubleProperty [value: 1280.0]
14:46:50.526 [FXGL Background Thread 3 ] DEBUG Engine               - appIcon: fxgl_icon.png
14:46:50.526 [FXGL Background Thread 3 ] DEBUG Engine               - applicationMode: DEVELOPER
14:46:50.526 [FXGL Background Thread 3 ] DEBUG Engine               - cSSList: [fxgl_dark.css]
14:46:50.526 [FXGL Background Thread 3 ] DEBUG Engine               - collisionDetectionStrategy: BRUTE_FORCE
14:46:50.526 [FXGL Background Thread 3 ] DEBUG Engine               - configClass: Optional.empty
14:46:50.526 [FXGL Background Thread 3 ] DEBUG Engine               - credits: []
14:46:50.526 [FXGL Background Thread 3 ] DEBUG Engine               - defaultCursor: CursorInfo(imageName=fxgl_default_cursor.png, hotspotX=7.0, hotspotY=6.0)
14:46:50.527 [FXGL Background Thread 3 ] DEBUG Engine               - devBBoxColorProperty: ObjectProperty [value: 0xff0000ff]
14:46:50.527 [FXGL Background Thread 3 ] DEBUG Engine               - devEnableDebugCameraProperty: BooleanProperty [value: false]
14:46:50.527 [FXGL Background Thread 3 ] DEBUG Engine               - devSensorColorProperty: ObjectProperty [value: 0xffff00ff]
14:46:50.527 [FXGL Background Thread 3 ] DEBUG Engine               - devShowBBoxProperty: BooleanProperty [value: false]
14:46:50.527 [FXGL Background Thread 3 ] DEBUG Engine               - devShowPositionProperty: BooleanProperty [value: false]
14:46:50.527 [FXGL Background Thread 3 ] DEBUG Engine               - enabledMenuItems: []
14:46:50.527 [FXGL Background Thread 3 ] DEBUG Engine               - engineServices: [class com.almasb.fxgl.app.services.FXGLAssetLoaderService, class com.almasb.fxgl.app.FXGLApplication$GameApplicationService, class com.almasb.fxgl.app.services.FXGLDialogService, class com.almasb.fxgl.app.services.IOTaskExecutorService, class com.almasb.fxgl.io.FileSystemService, class com.almasb.fxgl.localization.LocalizationService, class com.almasb.fxgl.app.services.SystemBundleService, class com.almasb.fxgl.profile.SaveLoadService, class com.almasb.fxgl.ui.FXGLUIFactoryServiceProvider, class com.almasb.fxgl.ui.FXGLDialogFactoryServiceProvider, class com.almasb.fxgl.audio.AudioPlayer, class com.almasb.fxgl.notification.impl.NotificationServiceProvider, class com.almasb.fxgl.achievement.AchievementService, class com.almasb.fxgl.cutscene.CutsceneService, class com.almasb.fxgl.minigames.MiniGameService, class com.almasb.fxgl.net.NetService, class com.almasb.fxgl.app.services.UpdaterService, class com.almasb.fxgl.dev.DevService]
14:46:50.527 [FXGL Background Thread 3 ] DEBUG Engine               - fontGame: Abel-Regular.ttf
14:46:50.527 [FXGL Background Thread 3 ] DEBUG Engine               - fontMono: TerminalLandMono-Regular.otf
14:46:50.527 [FXGL Background Thread 3 ] DEBUG Engine               - fontText: Courier-Prime.ttf
14:46:50.527 [FXGL Background Thread 3 ] DEBUG Engine               - fontUI: VarelaRound-Regular.ttf
14:46:50.527 [FXGL Background Thread 3 ] DEBUG Engine               - fullScreen: BooleanProperty [value: false]
14:46:50.527 [FXGL Background Thread 3 ] DEBUG Engine               - gameDifficulty: MEDIUM
14:46:50.527 [FXGL Background Thread 3 ] DEBUG Engine               - gameDifficultyProperty: ObjectProperty [value: MEDIUM]
14:46:50.527 [FXGL Background Thread 3 ] DEBUG Engine               - globalMusicVolume: 0.5
14:46:50.527 [FXGL Background Thread 3 ] DEBUG Engine               - globalMusicVolumeProperty: DoubleProperty [value: 0.5]
14:46:50.527 [FXGL Background Thread 3 ] DEBUG Engine               - globalSoundVolume: 0.5
14:46:50.527 [FXGL Background Thread 3 ] DEBUG Engine               - globalSoundVolumeProperty: DoubleProperty [value: 0.5]
14:46:50.529 [FXGL Background Thread 3 ] DEBUG Engine               - height: 720
14:46:50.529 [FXGL Background Thread 3 ] DEBUG Engine               - is3D: false
14:46:50.529 [FXGL Background Thread 3 ] DEBUG Engine               - isAndroid: false
14:46:50.529 [FXGL Background Thread 3 ] DEBUG Engine               - isBrowser: false
14:46:50.529 [FXGL Background Thread 3 ] DEBUG Engine               - isClickFeedbackEnabled: false
14:46:50.529 [FXGL Background Thread 3 ] DEBUG Engine               - isCloseConfirmation: false
14:46:50.529 [FXGL Background Thread 3 ] DEBUG Engine               - isDesktop: true
14:46:50.529 [FXGL Background Thread 3 ] DEBUG Engine               - isDeveloperMenuEnabled: false
14:46:50.529 [FXGL Background Thread 3 ] DEBUG Engine               - isEmbedded: false
14:46:50.529 [FXGL Background Thread 3 ] DEBUG Engine               - isEntityPreloadEnabled: true
14:46:50.529 [FXGL Background Thread 3 ] DEBUG Engine               - isExperimentalTiledLargeMap: false
14:46:50.529 [FXGL Background Thread 3 ] DEBUG Engine               - isFileSystemWriteAllowed: true
14:46:50.529 [FXGL Background Thread 3 ] DEBUG Engine               - isFullScreenAllowed: false
14:46:50.529 [FXGL Background Thread 3 ] DEBUG Engine               - isFullScreenFromStart: false
14:46:50.529 [FXGL Background Thread 3 ] DEBUG Engine               - isGameMenuEnabled: true
14:46:50.529 [FXGL Background Thread 3 ] DEBUG Engine               - isIOS: false
14:46:50.529 [FXGL Background Thread 3 ] DEBUG Engine               - isIntroEnabled: false
14:46:50.529 [FXGL Background Thread 3 ] DEBUG Engine               - isLinux: false
14:46:50.529 [FXGL Background Thread 3 ] DEBUG Engine               - isMac: false
14:46:50.529 [FXGL Background Thread 3 ] DEBUG Engine               - isMainMenuEnabled: false
14:46:50.530 [FXGL Background Thread 3 ] DEBUG Engine               - isManualResizeEnabled: false
14:46:50.530 [FXGL Background Thread 3 ] DEBUG Engine               - isMobile: false
14:46:50.530 [FXGL Background Thread 3 ] DEBUG Engine               - isNative: false
14:46:50.530 [FXGL Background Thread 3 ] DEBUG Engine               - isPauseMusicWhenMinimized: true
14:46:50.530 [FXGL Background Thread 3 ] DEBUG Engine               - isPreserveResizeRatio: false
14:46:50.530 [FXGL Background Thread 3 ] DEBUG Engine               - isProfilingEnabled: false
14:46:50.530 [FXGL Background Thread 3 ] DEBUG Engine               - isScaleAffectedOnResize: true
14:46:50.530 [FXGL Background Thread 3 ] DEBUG Engine               - isSingleStep: false
14:46:50.530 [FXGL Background Thread 3 ] DEBUG Engine               - isUserProfileEnabled: false
14:46:50.530 [FXGL Background Thread 3 ] DEBUG Engine               - isWindows: true
14:46:50.530 [FXGL Background Thread 3 ] DEBUG Engine               - language: ObjectProperty [value: ENGLISH]
14:46:50.530 [FXGL Background Thread 3 ] DEBUG Engine               - menuKey: ESCAPE
14:46:50.530 [FXGL Background Thread 3 ] DEBUG Engine               - mouseSensitivity: 0.2
14:46:50.530 [FXGL Background Thread 3 ] DEBUG Engine               - notificationViewClass: class com.almasb.fxgl.notification.view.XboxNotificationView
14:46:50.530 [FXGL Background Thread 3 ] DEBUG Engine               - pixelsPerMeter: 50.0
14:46:50.530 [FXGL Background Thread 3 ] DEBUG Engine               - platform: WINDOWS
14:46:50.530 [FXGL Background Thread 3 ] DEBUG Engine               - prefHeightProperty: ReadOnlyDoubleProperty [value: 720.0]
14:46:50.530 [FXGL Background Thread 3 ] DEBUG Engine               - prefWidthProperty: ReadOnlyDoubleProperty [value: 1280.0]
14:46:50.530 [FXGL Background Thread 3 ] DEBUG Engine               - profileDir: profiles/
14:46:50.530 [FXGL Background Thread 3 ] DEBUG Engine               - profileName: StringProperty [value: DEFAULT]
14:46:50.530 [FXGL Background Thread 3 ] DEBUG Engine               - randomSeed: -1
14:46:50.532 [FXGL Background Thread 3 ] DEBUG Engine               - runtimeInfo: RuntimeInfo(platform=WINDOWS, version=17, build=31.12.2021 18.16)
14:46:50.532 [FXGL Background Thread 3 ] DEBUG Engine               - saveFileExt: sav
14:46:50.532 [FXGL Background Thread 3 ] DEBUG Engine               - scaledHeightProp$fxgl: DoubleProperty [bound, value: 720.0]
14:46:50.532 [FXGL Background Thread 3 ] DEBUG Engine               - scaledWidthProp$fxgl: DoubleProperty [bound, value: 1280.0]
14:46:50.532 [FXGL Background Thread 3 ] DEBUG Engine               - sceneFactory: com.whhs.platformer.PlatformerApp$1@4ede2c76
14:46:50.532 [FXGL Background Thread 3 ] DEBUG Engine               - secondsIn24h: 60
14:46:50.532 [FXGL Background Thread 3 ] DEBUG Engine               - soundMenuBack: menu/back.wav
14:46:50.532 [FXGL Background Thread 3 ] DEBUG Engine               - soundMenuPress: menu/press.wav
14:46:50.532 [FXGL Background Thread 3 ] DEBUG Engine               - soundMenuSelect: menu/select.wav
14:46:50.532 [FXGL Background Thread 3 ] DEBUG Engine               - soundNotification: core/notification.wav
14:46:50.532 [FXGL Background Thread 3 ] DEBUG Engine               - stageStyle: DECORATED
14:46:50.532 [FXGL Background Thread 3 ] DEBUG Engine               - supportedLanguages: [ENGLISH, FRENCH, GERMAN, HUNGARIAN, RUSSIAN]
14:46:50.532 [FXGL Background Thread 3 ] DEBUG Engine               - ticksPerSecond: -1
14:46:50.533 [FXGL Background Thread 3 ] DEBUG Engine               - title: Untitled
14:46:50.533 [FXGL Background Thread 3 ] DEBUG Engine               - urlGithub: https://github.com/AlmasB/FXGL
14:46:50.533 [FXGL Background Thread 3 ] DEBUG Engine               - urlLeaderboard: http://fxgl-top.herokuapp.com/
14:46:50.533 [FXGL Background Thread 3 ] DEBUG Engine               - urlPOM: https://raw.githubusercontent.com/AlmasB/FXGL/release/README.md
14:46:50.533 [FXGL Background Thread 3 ] DEBUG Engine               - userAppClass: class com.whhs.platformer.PlatformerApp
14:46:50.533 [FXGL Background Thread 3 ] DEBUG Engine               - version: 0.0
14:46:50.533 [FXGL Background Thread 3 ] DEBUG Engine               - versionCheckDays: 7
14:46:50.533 [FXGL Background Thread 3 ] DEBUG Engine               - width: 1280
14:46:50.533 [FXGL Background Thread 3 ] DEBUG Engine               - Logging services
14:46:50.533 [FXGL Background Thread 3 ] DEBUG Engine               - class com.almasb.fxgl.app.services.FXGLAssetLoaderService
14:46:50.533 [FXGL Background Thread 3 ] DEBUG Engine               - class com.almasb.fxgl.app.FXGLApplication$GameApplicationService
14:46:50.533 [FXGL Background Thread 3 ] DEBUG Engine               - class com.almasb.fxgl.app.services.FXGLDialogService
14:46:50.533 [FXGL Background Thread 3 ] DEBUG Engine               - class com.almasb.fxgl.app.services.IOTaskExecutorService
14:46:50.533 [FXGL Background Thread 3 ] DEBUG Engine               - class com.almasb.fxgl.io.FileSystemService
14:46:50.533 [FXGL Background Thread 3 ] DEBUG Engine               - class com.almasb.fxgl.localization.LocalizationService
14:46:50.533 [FXGL Background Thread 3 ] DEBUG Engine               - class com.almasb.fxgl.app.services.SystemBundleService
14:46:50.533 [FXGL Background Thread 3 ] DEBUG Engine               - class com.almasb.fxgl.profile.SaveLoadService
14:46:50.533 [FXGL Background Thread 3 ] DEBUG Engine               - class com.almasb.fxgl.ui.FXGLUIFactoryServiceProvider
14:46:50.533 [FXGL Background Thread 3 ] DEBUG Engine               - class com.almasb.fxgl.ui.FXGLDialogFactoryServiceProvider
14:46:50.534 [FXGL Background Thread 3 ] DEBUG Engine               - class com.almasb.fxgl.audio.AudioPlayer
14:46:50.534 [FXGL Background Thread 3 ] DEBUG Engine               - class com.almasb.fxgl.notification.impl.NotificationServiceProvider
14:46:50.534 [FXGL Background Thread 3 ] DEBUG Engine               - class com.almasb.fxgl.achievement.AchievementService
14:46:50.534 [FXGL Background Thread 3 ] DEBUG Engine               - class com.almasb.fxgl.cutscene.CutsceneService
14:46:50.534 [FXGL Background Thread 3 ] DEBUG Engine               - class com.almasb.fxgl.minigames.MiniGameService
14:46:50.534 [FXGL Background Thread 3 ] DEBUG Engine               - class com.almasb.fxgl.net.NetService
14:46:50.534 [FXGL Background Thread 3 ] DEBUG Engine               - class com.almasb.fxgl.app.services.UpdaterService
14:46:50.534 [FXGL Background Thread 3 ] DEBUG Engine               - class com.almasb.fxgl.dev.DevService
14:46:57.270 [JavaFX Application Thread] DEBUG FXGLApplication      - Exiting FXGL
14:46:57.270 [JavaFX Application Thread] DEBUG Async                - Shutting down background threads
14:46:57.270 [JavaFX Application Thread] DEBUG PrimaryStageWindow   - Closing main window
14:46:57.291 [JavaFX Application Thread] DEBUG Logger               - Closing Logger
