08:32:30.968 [main                     ] DEBUG Logger               - Configured Logger
08:32:31.007 [main                     ] DEBUG GameApplication      - Logging settings
Title: Untitled
Version: 0.0
Width: 1280
Height: 720
Fullscreen: false
Intro: false
Profiling: false
Single step:false
App Mode: DEVELOPER
Menu Key: ESCAPE
Stage Style: DECORATED
Scene Factory: class com.whhs.platformer.App$1

08:32:31.541 [JavaFX Application Thread] DEBUG FXGLApplication      - Initializing FXGL
08:32:31.547 [JavaFX Application Thread] INFO  Engine               - FXGL-17 (31.12.2021 18.16) on WINDOWS (J:17.0.8.1 FX:13)
08:32:31.548 [JavaFX Application Thread] DEBUG Engine               - JRE Vendor Name: Eclipse Adoptium
08:32:31.548 [JavaFX Application Thread] DEBUG Engine               - Running on OS: Windows 11 version 10.0
08:32:31.548 [JavaFX Application Thread] DEBUG Engine               - Architecture: amd64
08:32:31.548 [JavaFX Application Thread] INFO  Engine               - Source code and latest versions at: https://github.com/AlmasB/FXGL
08:32:31.548 [JavaFX Application Thread] INFO  Engine               -       Ask questions and discuss at: https://github.com/AlmasB/FXGL/discussions
08:32:31.548 [JavaFX Application Thread] INFO  Engine               -              Join the FXGL chat at: https://gitter.im/AlmasB/FXGL
08:32:31.638 [JavaFX Application Thread] DEBUG PrimaryStageWindow   - Creating a JavaFX scene
08:32:31.684 [JavaFX Application Thread] DEBUG PrimaryStageWindow   - Target settings size: 1280.0 x 720.0
08:32:31.684 [JavaFX Application Thread] DEBUG PrimaryStageWindow   - Scaled scene size:    1280.0 x 720.0
08:32:31.684 [JavaFX Application Thread] DEBUG PrimaryStageWindow   - Scaled ratio: (1.0, 1.0)
08:32:31.685 [JavaFX Application Thread] DEBUG PrimaryStageWindow   - Set initial scene to FXGLStartupScene
08:32:31.697 [JavaFX Application Thread] DEBUG PrimaryStageWindow   - Opening main window
08:32:31.782 [JavaFX Application Thread] DEBUG PrimaryStageWindow   - Window border size: (16.0, 39.0)
08:32:31.783 [JavaFX Application Thread] DEBUG PrimaryStageWindow   - Scaled size: 1280.0 x 720.0
08:32:31.783 [JavaFX Application Thread] DEBUG PrimaryStageWindow   - Scaled ratio: (1.0, 1.0)
08:32:31.783 [JavaFX Application Thread] DEBUG PrimaryStageWindow   - Scene size: 1280.0 x 720.0
08:32:31.784 [JavaFX Application Thread] DEBUG PrimaryStageWindow   - Stage size: 1296.0 x 759.0
08:32:31.795 [FXGL Background Thread 1 ] DEBUG Engine               - Initializing environment variables
08:32:31.847 [FXGL Background Thread 1 ] DEBUG FXGLAssetLoaderServi - User app class for loading assets: class com.whhs.platformer.App
08:32:31.848 [FXGL Background Thread 1 ] DEBUG GameApplicationServi - Applying CSS: fxgl_dark.css
08:32:31.849 [FXGL Background Thread 1 ] DEBUG FXGLAssetLoaderServi - Loading from file system: jar:file:///C:/Users/WDAGUtilityAccount/.m2/repository/com/github/almasb/fxgl/17/fxgl-17.jar!/fxglassets/ui/css/fxgl_dark.css
08:32:31.922 [FXGL Background Thread 1 ] DEBUG GameApplicationServi - Initializing application scenes
08:32:32.043 [FXGL Background Thread 1 ] DEBUG FXGLAssetLoaderServi - Loading from file system: file:/C:/Users/WDAGUtilityAccount/git/platformer/target/classes/assets/textures/player.png
08:32:32.077 [FXGL Background Thread 1 ] DEBUG GameWorld            - Game world initialized
08:32:32.123 [FXGL Background Thread 1 ] DEBUG PhysicsWorld         - Physics world initialized: appHeight=720, physics.ppm=50.0
08:32:32.123 [FXGL Background Thread 1 ] DEBUG PhysicsWorld         - Using strategy: BRUTE_FORCE
08:32:32.128 [FXGL Background Thread 1 ] DEBUG GameScene            - Game scene initialized: 1280x720
08:32:32.141 [FXGL Background Thread 1 ] DEBUG FXGL.DefaultMenu     - createMenuBodyGameMenu()
08:32:32.169 [FXGL Background Thread 1 ] DEBUG FXGL.DefaultMenu     - createOptionsMenu()
08:32:32.192 [FXGL Background Thread 1 ] DEBUG FXGLAssetLoaderServi - Loading from file system: jar:file:///C:/Users/WDAGUtilityAccount/.m2/repository/com/github/almasb/fxgl/17/fxgl-17.jar!/fxglassets/textures/particles/smoke.png
08:32:32.326 [FXGL Background Thread 1 ] DEBUG FXGLAssetLoaderServi - Loading from file system: jar:file:///C:/Users/WDAGUtilityAccount/.m2/repository/com/github/almasb/fxgl/17/fxgl-17.jar!/fxglassets/textures/particles/trace_horizontal.png
08:32:32.351 [FXGL Background Thread 1 ] DEBUG GameApplicationServi - Application scenes initialized
08:32:32.384 [FXGL Background Thread 1 ] DEBUG SystemBundleService  - Loading FXGL system data
08:32:32.398 [FXGL Background Thread 1 ] DEBUG FileSystemAccess     - Reading from: C:\Users\WDAGUtilityAccount\git\platformer\system\fxgl.bundle
08:32:32.407 [FXGL Background Thread 1 ] DEBUG SystemBundleService  - Bundle FXGL: {}
08:32:32.407 [FXGL Background Thread 1 ] DEBUG UpdaterService       - Checking for updates
08:32:32.411 [FXGL Background Thread 4 ] DEBUG FXGLApplication      - Loading fonts
08:32:32.413 [FXGL Background Thread 4 ] DEBUG FXGLAssetLoaderServi - Loading from file system: jar:file:///C:/Users/WDAGUtilityAccount/.m2/repository/com/github/almasb/fxgl/17/fxgl-17.jar!/fxglassets/ui/fonts/VarelaRound-Regular.ttf
08:32:32.414 [FXGL Background Thread 1 ] DEBUG FXGLApplication      - Loading default localization
08:32:32.414 [FXGL Background Thread 1 ] DEBUG FXGLAssetLoaderServi - Loading from file system: jar:file:///C:/Users/WDAGUtilityAccount/.m2/repository/com/github/almasb/fxgl/17/fxgl-17.jar!/fxglassets/languages/english.lang
08:32:32.466 [FXGL Background Thread 1 ] INFO  FXGLApplication      - FXGL initialization took: 0.671 sec
08:32:32.472 [FXGL Background Thread 4 ] DEBUG FXGLAssetLoaderServi - Loading from file system: jar:file:///C:/Users/WDAGUtilityAccount/.m2/repository/com/github/almasb/fxgl/17/fxgl-17.jar!/fxglassets/ui/fonts/Abel-Regular.ttf
08:32:32.475 [FXGL Background Thread 4 ] DEBUG FXGLAssetLoaderServi - Loading from file system: jar:file:///C:/Users/WDAGUtilityAccount/.m2/repository/com/github/almasb/fxgl/17/fxgl-17.jar!/fxglassets/ui/fonts/TerminalLandMono-Regular.otf
08:32:32.478 [FXGL Background Thread 4 ] DEBUG FXGLAssetLoaderServi - Loading from file system: jar:file:///C:/Users/WDAGUtilityAccount/.m2/repository/com/github/almasb/fxgl/17/fxgl-17.jar!/fxglassets/ui/fonts/Courier-Prime.ttf
08:32:32.498 [JavaFX Application Thread] DEBUG Input                - Registered new binding: left - A
08:32:32.498 [JavaFX Application Thread] DEBUG Input                - Registered new binding: Right - D
08:32:32.499 [JavaFX Application Thread] DEBUG Input                - Registered new binding: Jump - W
08:32:32.499 [JavaFX Application Thread] DEBUG Input                - Registered new binding: Use - E
08:32:32.500 [JavaFX Application Thread] DEBUG FXGLAssetLoaderServi - Loading from file system: jar:file:///C:/Users/WDAGUtilityAccount/.m2/repository/com/github/almasb/fxgl/17/fxgl-17.jar!/fxglassets/textures/fxgl_icon.png
08:32:32.524 [JavaFX Application Thread] DEBUG FXGLAssetLoaderServi - Loading from file system: jar:file:///C:/Users/WDAGUtilityAccount/.m2/repository/com/github/almasb/fxgl/17/fxgl-17.jar!/fxglassets/textures/fxgl_default_cursor.png
08:32:32.529 [JavaFX Application Thread] DEBUG Input                - Registered new binding: Screenshot - CTRL+8
08:32:32.531 [JavaFX Application Thread] DEBUG Input                - Registered new binding: System info dump - CTRL+9
08:32:32.532 [JavaFX Application Thread] DEBUG Input                - Registered new binding: Restart - CTRL+R
08:32:32.533 [JavaFX Application Thread] DEBUG Input                - Registered new binding: Toggle Debug Camera - CTRL+7
08:32:32.540 [JavaFX Application Thread] DEBUG LoopRunner           - Starting loop
08:32:32.541 [JavaFX Application Thread] DEBUG LoopRunner           - Initializing JavaFX AnimationTimerLoop
08:32:32.547 [JavaFX Application Thread] DEBUG GameApplicationServi - Starting new game
08:32:32.547 [JavaFX Application Thread] DEBUG Input                - Clearing active input actions
08:32:32.568 [JavaFX Application Thread] DEBUG GameApplicationServi - Removing overlay from FXGLStartupScene and adding to MainLoadingScene
08:32:32.569 [JavaFX Application Thread] DEBUG PrimaryStageWindow   - FXGLStartupScene -> MainLoadingScene
08:32:32.570 [JavaFX Application Thread] DEBUG GameApplicationServi - Clearing previous game
08:32:32.570 [JavaFX Application Thread] DEBUG GameScene            - Clearing game scene
08:32:32.570 [JavaFX Application Thread] DEBUG GameWorld            - Clearing game world
08:32:32.570 [JavaFX Application Thread] DEBUG PhysicsWorld         - Clearing physics world
08:32:32.574 [JavaFX Application Thread] DEBUG FXGLApplication      - Registering font factories with UI factory
08:32:32.804 [FXGL Background Thread 4 ] DEBUG TMXLevelLoader       - Parsed TiledMap: file:/C:/Users/WDAGUtilityAccount/git/platformer/target/classes/assets/levels/tmx/level1.tmx
08:32:32.812 [FXGL Background Thread 4 ] DEBUG TMXLevelLoader       - Creating tile layer entities
08:32:32.818 [FXGL Background Thread 4 ] DEBUG TilesetLoader        - Loading view for layer Tile Layer 1
08:32:32.818 [FXGL Background Thread 4 ] DEBUG TilesetLoader        - Created buffer with size 1050.0x700.0
08:32:32.849 [FXGL Background Thread 4 ] DEBUG TMXLevelLoader       - Creating object layer entities
08:32:32.926 [FXGL Background Thread 4 ] DEBUG GameWorld            - Clearing removable entities
08:32:32.927 [FXGL Background Thread 4 ] DEBUG GameWorld            - Setting level: com.almasb.fxgl.entity.level.Level@31852156
08:32:32.971 [FXGL Background Thread 4 ] DEBUG FXGLAssetLoaderServi - Loading from file system: file:/C:/Users/WDAGUtilityAccount/git/platformer/target/classes/assets/textures/background/forest.png
08:32:32.996 [FXGL Background Thread 4 ] DEBUG FXGLAssetLoaderServi - Loading from file system: file:/C:/Users/WDAGUtilityAccount/git/platformer/target/classes/assets/textures/button.png
08:32:33.017 [FXGL Background Thread 4 ] INFO  FXGLApplication      - Game initialization took: 0.444 sec
08:32:33.043 [JavaFX Application Thread] DEBUG Input                - Clearing active input actions
08:32:33.053 [JavaFX Application Thread] DEBUG GameApplicationServi - Removing overlay from MainLoadingScene and adding to GameScene
08:32:33.054 [JavaFX Application Thread] DEBUG PrimaryStageWindow   - MainLoadingScene -> GameScene
08:32:33.330 [FXGL Background Thread 2 ] INFO  UpdaterService       - Your current version:  17
08:32:33.330 [FXGL Background Thread 2 ] INFO  UpdaterService       - Latest stable version: 17.3
08:32:35.413 [FXGL Background Thread 3 ] DEBUG Engine               - Logging environment variables
08:32:35.414 [FXGL Background Thread 3 ] DEBUG Engine               - achievements: []
08:32:35.414 [FXGL Background Thread 3 ] DEBUG Engine               - actualHeight: 720.0
08:32:35.414 [FXGL Background Thread 3 ] DEBUG Engine               - actualHeightProperty: ReadOnlyDoubleProperty [value: 720.0]
08:32:35.414 [FXGL Background Thread 3 ] DEBUG Engine               - actualWidth: 1280.0
08:32:35.414 [FXGL Background Thread 3 ] DEBUG Engine               - actualWidthProperty: ReadOnlyDoubleProperty [value: 1280.0]
08:32:35.414 [FXGL Background Thread 3 ] DEBUG Engine               - appIcon: fxgl_icon.png
08:32:35.415 [FXGL Background Thread 3 ] DEBUG Engine               - applicationMode: DEVELOPER
08:32:35.415 [FXGL Background Thread 3 ] DEBUG Engine               - cSSList: [fxgl_dark.css]
08:32:35.415 [FXGL Background Thread 3 ] DEBUG Engine               - collisionDetectionStrategy: BRUTE_FORCE
08:32:35.415 [FXGL Background Thread 3 ] DEBUG Engine               - configClass: Optional.empty
08:32:35.415 [FXGL Background Thread 3 ] DEBUG Engine               - credits: []
08:32:35.415 [FXGL Background Thread 3 ] DEBUG Engine               - defaultCursor: CursorInfo(imageName=fxgl_default_cursor.png, hotspotX=7.0, hotspotY=6.0)
08:32:35.415 [FXGL Background Thread 3 ] DEBUG Engine               - devBBoxColorProperty: ObjectProperty [value: 0xff0000ff]
08:32:35.415 [FXGL Background Thread 3 ] DEBUG Engine               - devEnableDebugCameraProperty: BooleanProperty [value: false]
08:32:35.416 [FXGL Background Thread 3 ] DEBUG Engine               - devSensorColorProperty: ObjectProperty [value: 0xffff00ff]
08:32:35.416 [FXGL Background Thread 3 ] DEBUG Engine               - devShowBBoxProperty: BooleanProperty [value: false]
08:32:35.416 [FXGL Background Thread 3 ] DEBUG Engine               - devShowPositionProperty: BooleanProperty [value: false]
08:32:35.416 [FXGL Background Thread 3 ] DEBUG Engine               - enabledMenuItems: []
08:32:35.416 [FXGL Background Thread 3 ] DEBUG Engine               - engineServices: [class com.almasb.fxgl.app.services.FXGLAssetLoaderService, class com.almasb.fxgl.app.FXGLApplication$GameApplicationService, class com.almasb.fxgl.app.services.FXGLDialogService, class com.almasb.fxgl.app.services.IOTaskExecutorService, class com.almasb.fxgl.io.FileSystemService, class com.almasb.fxgl.localization.LocalizationService, class com.almasb.fxgl.app.services.SystemBundleService, class com.almasb.fxgl.profile.SaveLoadService, class com.almasb.fxgl.ui.FXGLUIFactoryServiceProvider, class com.almasb.fxgl.ui.FXGLDialogFactoryServiceProvider, class com.almasb.fxgl.audio.AudioPlayer, class com.almasb.fxgl.notification.impl.NotificationServiceProvider, class com.almasb.fxgl.achievement.AchievementService, class com.almasb.fxgl.cutscene.CutsceneService, class com.almasb.fxgl.minigames.MiniGameService, class com.almasb.fxgl.net.NetService, class com.almasb.fxgl.app.services.UpdaterService, class com.almasb.fxgl.dev.DevService]
08:32:35.416 [FXGL Background Thread 3 ] DEBUG Engine               - fontGame: Abel-Regular.ttf
08:32:35.416 [FXGL Background Thread 3 ] DEBUG Engine               - fontMono: TerminalLandMono-Regular.otf
08:32:35.416 [FXGL Background Thread 3 ] DEBUG Engine               - fontText: Courier-Prime.ttf
08:32:35.416 [FXGL Background Thread 3 ] DEBUG Engine               - fontUI: VarelaRound-Regular.ttf
08:32:35.416 [FXGL Background Thread 3 ] DEBUG Engine               - fullScreen: BooleanProperty [value: false]
08:32:35.416 [FXGL Background Thread 3 ] DEBUG Engine               - gameDifficulty: MEDIUM
08:32:35.417 [FXGL Background Thread 3 ] DEBUG Engine               - gameDifficultyProperty: ObjectProperty [value: MEDIUM]
08:32:35.417 [FXGL Background Thread 3 ] DEBUG Engine               - globalMusicVolume: 0.5
08:32:35.417 [FXGL Background Thread 3 ] DEBUG Engine               - globalMusicVolumeProperty: DoubleProperty [value: 0.5]
08:32:35.418 [FXGL Background Thread 3 ] DEBUG Engine               - globalSoundVolume: 0.5
08:32:35.418 [FXGL Background Thread 3 ] DEBUG Engine               - globalSoundVolumeProperty: DoubleProperty [value: 0.5]
08:32:35.418 [FXGL Background Thread 3 ] DEBUG Engine               - height: 720
08:32:35.418 [FXGL Background Thread 3 ] DEBUG Engine               - is3D: false
08:32:35.419 [FXGL Background Thread 3 ] DEBUG Engine               - isAndroid: false
08:32:35.419 [FXGL Background Thread 3 ] DEBUG Engine               - isBrowser: false
08:32:35.419 [FXGL Background Thread 3 ] DEBUG Engine               - isClickFeedbackEnabled: false
08:32:35.420 [FXGL Background Thread 3 ] DEBUG Engine               - isCloseConfirmation: false
08:32:35.420 [FXGL Background Thread 3 ] DEBUG Engine               - isDesktop: true
08:32:35.420 [FXGL Background Thread 3 ] DEBUG Engine               - isDeveloperMenuEnabled: false
08:32:35.420 [FXGL Background Thread 3 ] DEBUG Engine               - isEmbedded: false
08:32:35.420 [FXGL Background Thread 3 ] DEBUG Engine               - isEntityPreloadEnabled: true
08:32:35.420 [FXGL Background Thread 3 ] DEBUG Engine               - isExperimentalTiledLargeMap: false
08:32:35.420 [FXGL Background Thread 3 ] DEBUG Engine               - isFileSystemWriteAllowed: true
08:32:35.420 [FXGL Background Thread 3 ] DEBUG Engine               - isFullScreenAllowed: false
08:32:35.420 [FXGL Background Thread 3 ] DEBUG Engine               - isFullScreenFromStart: false
08:32:35.420 [FXGL Background Thread 3 ] DEBUG Engine               - isGameMenuEnabled: true
08:32:35.420 [FXGL Background Thread 3 ] DEBUG Engine               - isIOS: false
08:32:35.421 [FXGL Background Thread 3 ] DEBUG Engine               - isIntroEnabled: false
08:32:35.421 [FXGL Background Thread 3 ] DEBUG Engine               - isLinux: false
08:32:35.421 [FXGL Background Thread 3 ] DEBUG Engine               - isMac: false
08:32:35.421 [FXGL Background Thread 3 ] DEBUG Engine               - isMainMenuEnabled: false
08:32:35.421 [FXGL Background Thread 3 ] DEBUG Engine               - isManualResizeEnabled: false
08:32:35.421 [FXGL Background Thread 3 ] DEBUG Engine               - isMobile: false
08:32:35.421 [FXGL Background Thread 3 ] DEBUG Engine               - isNative: false
08:32:35.421 [FXGL Background Thread 3 ] DEBUG Engine               - isPauseMusicWhenMinimized: true
08:32:35.421 [FXGL Background Thread 3 ] DEBUG Engine               - isPreserveResizeRatio: false
08:32:35.421 [FXGL Background Thread 3 ] DEBUG Engine               - isProfilingEnabled: false
08:32:35.421 [FXGL Background Thread 3 ] DEBUG Engine               - isScaleAffectedOnResize: true
08:32:35.421 [FXGL Background Thread 3 ] DEBUG Engine               - isSingleStep: false
08:32:35.421 [FXGL Background Thread 3 ] DEBUG Engine               - isUserProfileEnabled: false
08:32:35.421 [FXGL Background Thread 3 ] DEBUG Engine               - isWindows: true
08:32:35.421 [FXGL Background Thread 3 ] DEBUG Engine               - language: ObjectProperty [value: ENGLISH]
08:32:35.422 [FXGL Background Thread 3 ] DEBUG Engine               - menuKey: ESCAPE
08:32:35.422 [FXGL Background Thread 3 ] DEBUG Engine               - mouseSensitivity: 0.2
08:32:35.422 [FXGL Background Thread 3 ] DEBUG Engine               - notificationViewClass: class com.almasb.fxgl.notification.view.XboxNotificationView
08:32:35.422 [FXGL Background Thread 3 ] DEBUG Engine               - pixelsPerMeter: 50.0
08:32:35.422 [FXGL Background Thread 3 ] DEBUG Engine               - platform: WINDOWS
08:32:35.422 [FXGL Background Thread 3 ] DEBUG Engine               - prefHeightProperty: ReadOnlyDoubleProperty [value: 720.0]
08:32:35.423 [FXGL Background Thread 3 ] DEBUG Engine               - prefWidthProperty: ReadOnlyDoubleProperty [value: 1280.0]
08:32:35.423 [FXGL Background Thread 3 ] DEBUG Engine               - profileDir: profiles/
08:32:35.423 [FXGL Background Thread 3 ] DEBUG Engine               - profileName: StringProperty [value: DEFAULT]
08:32:35.424 [FXGL Background Thread 3 ] DEBUG Engine               - randomSeed: -1
08:32:35.425 [FXGL Background Thread 3 ] DEBUG Engine               - runtimeInfo: RuntimeInfo(platform=WINDOWS, version=17, build=31.12.2021 18.16)
08:32:35.425 [FXGL Background Thread 3 ] DEBUG Engine               - saveFileExt: sav
08:32:35.425 [FXGL Background Thread 3 ] DEBUG Engine               - scaledHeightProp$fxgl: DoubleProperty [bound, value: 720.0]
08:32:35.425 [FXGL Background Thread 3 ] DEBUG Engine               - scaledWidthProp$fxgl: DoubleProperty [bound, value: 1280.0]
08:32:35.425 [FXGL Background Thread 3 ] DEBUG Engine               - sceneFactory: com.whhs.platformer.App$1@16859c01
08:32:35.425 [FXGL Background Thread 3 ] DEBUG Engine               - secondsIn24h: 60
08:32:35.425 [FXGL Background Thread 3 ] DEBUG Engine               - soundMenuBack: menu/back.wav
08:32:35.425 [FXGL Background Thread 3 ] DEBUG Engine               - soundMenuPress: menu/press.wav
08:32:35.425 [FXGL Background Thread 3 ] DEBUG Engine               - soundMenuSelect: menu/select.wav
08:32:35.425 [FXGL Background Thread 3 ] DEBUG Engine               - soundNotification: core/notification.wav
08:32:35.425 [FXGL Background Thread 3 ] DEBUG Engine               - stageStyle: DECORATED
08:32:35.425 [FXGL Background Thread 3 ] DEBUG Engine               - supportedLanguages: [ENGLISH, FRENCH, GERMAN, HUNGARIAN, RUSSIAN]
08:32:35.425 [FXGL Background Thread 3 ] DEBUG Engine               - ticksPerSecond: -1
08:32:35.426 [FXGL Background Thread 3 ] DEBUG Engine               - title: Untitled
08:32:35.426 [FXGL Background Thread 3 ] DEBUG Engine               - urlGithub: https://github.com/AlmasB/FXGL
08:32:35.426 [FXGL Background Thread 3 ] DEBUG Engine               - urlLeaderboard: http://fxgl-top.herokuapp.com/
08:32:35.426 [FXGL Background Thread 3 ] DEBUG Engine               - urlPOM: https://raw.githubusercontent.com/AlmasB/FXGL/release/README.md
08:32:35.426 [FXGL Background Thread 3 ] DEBUG Engine               - userAppClass: class com.whhs.platformer.App
08:32:35.426 [FXGL Background Thread 3 ] DEBUG Engine               - version: 0.0
08:32:35.426 [FXGL Background Thread 3 ] DEBUG Engine               - versionCheckDays: 7
08:32:35.426 [FXGL Background Thread 3 ] DEBUG Engine               - width: 1280
08:32:35.426 [FXGL Background Thread 3 ] DEBUG Engine               - Logging services
08:32:35.426 [FXGL Background Thread 3 ] DEBUG Engine               - class com.almasb.fxgl.app.services.FXGLAssetLoaderService
08:32:35.426 [FXGL Background Thread 3 ] DEBUG Engine               - class com.almasb.fxgl.app.FXGLApplication$GameApplicationService
08:32:35.426 [FXGL Background Thread 3 ] DEBUG Engine               - class com.almasb.fxgl.app.services.FXGLDialogService
08:32:35.426 [FXGL Background Thread 3 ] DEBUG Engine               - class com.almasb.fxgl.app.services.IOTaskExecutorService
08:32:35.426 [FXGL Background Thread 3 ] DEBUG Engine               - class com.almasb.fxgl.io.FileSystemService
08:32:35.426 [FXGL Background Thread 3 ] DEBUG Engine               - class com.almasb.fxgl.localization.LocalizationService
08:32:35.426 [FXGL Background Thread 3 ] DEBUG Engine               - class com.almasb.fxgl.app.services.SystemBundleService
08:32:35.426 [FXGL Background Thread 3 ] DEBUG Engine               - class com.almasb.fxgl.profile.SaveLoadService
08:32:35.426 [FXGL Background Thread 3 ] DEBUG Engine               - class com.almasb.fxgl.ui.FXGLUIFactoryServiceProvider
08:32:35.426 [FXGL Background Thread 3 ] DEBUG Engine               - class com.almasb.fxgl.ui.FXGLDialogFactoryServiceProvider
08:32:35.426 [FXGL Background Thread 3 ] DEBUG Engine               - class com.almasb.fxgl.audio.AudioPlayer
08:32:35.426 [FXGL Background Thread 3 ] DEBUG Engine               - class com.almasb.fxgl.notification.impl.NotificationServiceProvider
08:32:35.426 [FXGL Background Thread 3 ] DEBUG Engine               - class com.almasb.fxgl.achievement.AchievementService
08:32:35.426 [FXGL Background Thread 3 ] DEBUG Engine               - class com.almasb.fxgl.cutscene.CutsceneService
08:32:35.426 [FXGL Background Thread 3 ] DEBUG Engine               - class com.almasb.fxgl.minigames.MiniGameService
08:32:35.426 [FXGL Background Thread 3 ] DEBUG Engine               - class com.almasb.fxgl.net.NetService
08:32:35.426 [FXGL Background Thread 3 ] DEBUG Engine               - class com.almasb.fxgl.app.services.UpdaterService
08:32:35.427 [FXGL Background Thread 3 ] DEBUG Engine               - class com.almasb.fxgl.dev.DevService
08:32:37.038 [JavaFX Application Thread] DEBUG FXGLApplication      - Exiting FXGL
08:32:37.038 [JavaFX Application Thread] DEBUG LoopRunner           - Stopping loop
08:32:37.038 [JavaFX Application Thread] DEBUG SystemBundleService  - Saving FXGL system data
08:32:37.044 [JavaFX Application Thread] DEBUG FileSystemAccess     - Writing to: C:\Users\WDAGUtilityAccount\git\platformer\system\fxgl.bundle
08:32:37.046 [JavaFX Application Thread] DEBUG Async                - Shutting down background threads
08:32:37.046 [JavaFX Application Thread] DEBUG PrimaryStageWindow   - Closing main window
08:32:37.062 [JavaFX Application Thread] DEBUG Logger               - Closing Logger
