14:53:30.858 [main                     ] DEBUG Logger               - Configured Logger
14:53:30.902 [main                     ] DEBUG GameApplication      - Logging settings
Title: Untitled
Version: 0.0
Width: 1280
Height: 720
Fullscreen: false
Intro: false
Profiling: false
Single step:false
App Mode: DEVELOPER
Menu Key: ESCAPE
Stage Style: DECORATED
Scene Factory: class com.whhs.platformer.PlatformerApp$1

14:53:31.512 [JavaFX Application Thread] DEBUG FXGLApplication      - Initializing FXGL
14:53:31.518 [JavaFX Application Thread] INFO  Engine               - FXGL-17 (31.12.2021 18.16) on WINDOWS (J:17.0.8.1 FX:13)
14:53:31.520 [JavaFX Application Thread] DEBUG Engine               - JRE Vendor Name: Eclipse Adoptium
14:53:31.520 [JavaFX Application Thread] DEBUG Engine               - Running on OS: Windows 11 version 10.0
14:53:31.521 [JavaFX Application Thread] DEBUG Engine               - Architecture: amd64
14:53:31.521 [JavaFX Application Thread] INFO  Engine               - Source code and latest versions at: https://github.com/AlmasB/FXGL
14:53:31.521 [JavaFX Application Thread] INFO  Engine               -       Ask questions and discuss at: https://github.com/AlmasB/FXGL/discussions
14:53:31.521 [JavaFX Application Thread] INFO  Engine               -              Join the FXGL chat at: https://gitter.im/AlmasB/FXGL
14:53:31.617 [JavaFX Application Thread] DEBUG PrimaryStageWindow   - Creating a JavaFX scene
14:53:31.662 [JavaFX Application Thread] DEBUG PrimaryStageWindow   - Target settings size: 1280.0 x 720.0
14:53:31.664 [JavaFX Application Thread] DEBUG PrimaryStageWindow   - Scaled scene size:    1280.0 x 720.0
14:53:31.664 [JavaFX Application Thread] DEBUG PrimaryStageWindow   - Scaled ratio: (1.0, 1.0)
14:53:31.665 [JavaFX Application Thread] DEBUG PrimaryStageWindow   - Set initial scene to FXGLStartupScene
14:53:31.676 [JavaFX Application Thread] DEBUG PrimaryStageWindow   - Opening main window
14:53:31.775 [JavaFX Application Thread] DEBUG PrimaryStageWindow   - Window border size: (16.0, 39.0)
14:53:31.776 [JavaFX Application Thread] DEBUG PrimaryStageWindow   - Scaled size: 1280.0 x 720.0
14:53:31.776 [JavaFX Application Thread] DEBUG PrimaryStageWindow   - Scaled ratio: (1.0, 1.0)
14:53:31.777 [JavaFX Application Thread] DEBUG PrimaryStageWindow   - Scene size: 1280.0 x 720.0
14:53:31.777 [JavaFX Application Thread] DEBUG PrimaryStageWindow   - Stage size: 1296.0 x 759.0
14:53:31.789 [FXGL Background Thread 1 ] DEBUG Engine               - Initializing environment variables
14:53:31.872 [FXGL Background Thread 1 ] DEBUG FXGLAssetLoaderServi - User app class for loading assets: class com.whhs.platformer.PlatformerApp
14:53:31.872 [FXGL Background Thread 1 ] DEBUG GameApplicationServi - Applying CSS: fxgl_dark.css
14:53:31.874 [FXGL Background Thread 1 ] DEBUG FXGLAssetLoaderServi - Loading from file system: jar:file:///C:/Users/WDAGUtilityAccount/.m2/repository/com/github/almasb/fxgl/17/fxgl-17.jar!/fxglassets/ui/css/fxgl_dark.css
14:53:31.941 [FXGL Background Thread 1 ] DEBUG GameApplicationServi - Initializing application scenes
14:53:32.022 [FXGL Background Thread 1 ] DEBUG FXGLAssetLoaderServi - Loading from file system: file:/C:/Users/WDAGUtilityAccount/git/platformer/target/classes/assets/textures/player.png
14:53:32.064 [FXGL Background Thread 1 ] DEBUG GameWorld            - Game world initialized
14:53:32.118 [FXGL Background Thread 1 ] DEBUG PhysicsWorld         - Physics world initialized: appHeight=720, physics.ppm=50.0
14:53:32.119 [FXGL Background Thread 1 ] DEBUG PhysicsWorld         - Using strategy: BRUTE_FORCE
14:53:32.123 [FXGL Background Thread 1 ] DEBUG GameScene            - Game scene initialized: 1280x720
14:53:32.137 [FXGL Background Thread 1 ] DEBUG FXGL.DefaultMenu     - createMenuBodyGameMenu()
14:53:32.162 [FXGL Background Thread 1 ] DEBUG FXGL.DefaultMenu     - createOptionsMenu()
14:53:32.177 [FXGL Background Thread 1 ] DEBUG FXGLAssetLoaderServi - Loading from file system: jar:file:///C:/Users/WDAGUtilityAccount/.m2/repository/com/github/almasb/fxgl/17/fxgl-17.jar!/fxglassets/textures/particles/smoke.png
14:53:32.291 [FXGL Background Thread 1 ] DEBUG FXGLAssetLoaderServi - Loading from file system: jar:file:///C:/Users/WDAGUtilityAccount/.m2/repository/com/github/almasb/fxgl/17/fxgl-17.jar!/fxglassets/textures/particles/trace_horizontal.png
14:53:32.335 [FXGL Background Thread 1 ] DEBUG GameApplicationServi - Application scenes initialized
14:53:32.344 [FXGL Background Thread 1 ] DEBUG SystemBundleService  - Loading FXGL system data
14:53:32.349 [FXGL Background Thread 1 ] DEBUG FileSystemAccess     - Reading from: C:\Users\WDAGUtilityAccount\git\platformer\system\fxgl.bundle
14:53:32.357 [FXGL Background Thread 1 ] DEBUG SystemBundleService  - Bundle FXGL: {}
14:53:32.357 [FXGL Background Thread 1 ] DEBUG UpdaterService       - Checking for updates
14:53:32.362 [FXGL Background Thread 4 ] DEBUG FXGLApplication      - Loading fonts
14:53:32.362 [FXGL Background Thread 1 ] DEBUG FXGLApplication      - Loading default localization
14:53:32.362 [FXGL Background Thread 4 ] DEBUG FXGLAssetLoaderServi - Loading from file system: jar:file:///C:/Users/WDAGUtilityAccount/.m2/repository/com/github/almasb/fxgl/17/fxgl-17.jar!/fxglassets/ui/fonts/VarelaRound-Regular.ttf
14:53:32.363 [FXGL Background Thread 1 ] DEBUG FXGLAssetLoaderServi - Loading from file system: jar:file:///C:/Users/WDAGUtilityAccount/.m2/repository/com/github/almasb/fxgl/17/fxgl-17.jar!/fxglassets/languages/english.lang
14:53:32.421 [FXGL Background Thread 1 ] INFO  FXGLApplication      - FXGL initialization took: 0.632 sec
14:53:32.436 [FXGL Background Thread 4 ] DEBUG FXGLAssetLoaderServi - Loading from file system: jar:file:///C:/Users/WDAGUtilityAccount/.m2/repository/com/github/almasb/fxgl/17/fxgl-17.jar!/fxglassets/ui/fonts/Abel-Regular.ttf
14:53:32.439 [FXGL Background Thread 4 ] DEBUG FXGLAssetLoaderServi - Loading from file system: jar:file:///C:/Users/WDAGUtilityAccount/.m2/repository/com/github/almasb/fxgl/17/fxgl-17.jar!/fxglassets/ui/fonts/TerminalLandMono-Regular.otf
14:53:32.443 [FXGL Background Thread 4 ] DEBUG FXGLAssetLoaderServi - Loading from file system: jar:file:///C:/Users/WDAGUtilityAccount/.m2/repository/com/github/almasb/fxgl/17/fxgl-17.jar!/fxglassets/ui/fonts/Courier-Prime.ttf
14:53:32.443 [JavaFX Application Thread] DEBUG Input                - Registered new binding: left - A
14:53:32.444 [JavaFX Application Thread] DEBUG Input                - Registered new binding: Right - D
14:53:32.444 [JavaFX Application Thread] DEBUG Input                - Registered new binding: Jump - W
14:53:32.444 [JavaFX Application Thread] DEBUG Input                - Registered new binding: Use - E
14:53:32.445 [JavaFX Application Thread] DEBUG FXGLAssetLoaderServi - Loading from file system: jar:file:///C:/Users/WDAGUtilityAccount/.m2/repository/com/github/almasb/fxgl/17/fxgl-17.jar!/fxglassets/textures/fxgl_icon.png
14:53:32.467 [JavaFX Application Thread] DEBUG FXGLAssetLoaderServi - Loading from file system: jar:file:///C:/Users/WDAGUtilityAccount/.m2/repository/com/github/almasb/fxgl/17/fxgl-17.jar!/fxglassets/textures/fxgl_default_cursor.png
14:53:32.470 [JavaFX Application Thread] DEBUG Input                - Registered new binding: Screenshot - CTRL+8
14:53:32.471 [JavaFX Application Thread] DEBUG Input                - Registered new binding: System info dump - CTRL+9
14:53:32.471 [JavaFX Application Thread] DEBUG Input                - Registered new binding: Restart - CTRL+R
14:53:32.471 [JavaFX Application Thread] DEBUG Input                - Registered new binding: Toggle Debug Camera - CTRL+7
14:53:32.473 [JavaFX Application Thread] DEBUG LoopRunner           - Starting loop
14:53:32.473 [JavaFX Application Thread] DEBUG LoopRunner           - Initializing JavaFX AnimationTimerLoop
14:53:32.474 [JavaFX Application Thread] DEBUG GameApplicationServi - Starting new game
14:53:32.474 [JavaFX Application Thread] DEBUG Input                - Clearing active input actions
14:53:32.501 [JavaFX Application Thread] DEBUG GameApplicationServi - Removing overlay from FXGLStartupScene and adding to MainLoadingScene
14:53:32.502 [JavaFX Application Thread] DEBUG PrimaryStageWindow   - FXGLStartupScene -> MainLoadingScene
14:53:32.502 [JavaFX Application Thread] DEBUG GameApplicationServi - Clearing previous game
14:53:32.502 [JavaFX Application Thread] DEBUG GameScene            - Clearing game scene
14:53:32.502 [JavaFX Application Thread] DEBUG GameWorld            - Clearing game world
14:53:32.502 [JavaFX Application Thread] DEBUG PhysicsWorld         - Clearing physics world
14:53:32.506 [FXGL Background Thread 4 ] DEBUG FXGLApplication      - Initializing game
14:53:32.506 [JavaFX Application Thread] DEBUG FXGLApplication      - Registering font factories with UI factory
14:53:32.684 [FXGL Background Thread 4 ] DEBUG TMXLevelLoader       - Parsed TiledMap: file:/C:/Users/WDAGUtilityAccount/git/platformer/target/classes/assets/levels/tmx/level1.tmx
14:53:32.686 [FXGL Background Thread 4 ] DEBUG TMXLevelLoader       - Creating tile layer entities
14:53:32.688 [FXGL Background Thread 4 ] DEBUG TilesetLoader        - Loading view for layer Tile Layer 1
14:53:32.692 [FXGL Background Thread 4 ] DEBUG TilesetLoader        - Created buffer with size 1050.0x700.0
14:53:32.719 [FXGL Background Thread 4 ] DEBUG TMXLevelLoader       - Creating object layer entities
14:53:32.820 [FXGL Background Thread 4 ] DEBUG GameWorld            - Clearing removable entities
14:53:32.821 [FXGL Background Thread 4 ] DEBUG GameWorld            - Setting level: com.almasb.fxgl.entity.level.Level@73a1f0ba
14:53:32.898 [FXGL Background Thread 4 ] DEBUG FXGLAssetLoaderServi - Loading from file system: file:/C:/Users/WDAGUtilityAccount/git/platformer/target/classes/assets/textures/background/forest.png
14:53:32.928 [FXGL Background Thread 4 ] INFO  FXGLApplication      - Game initialization took: 0.421 sec
14:53:32.951 [JavaFX Application Thread] DEBUG Input                - Clearing active input actions
14:53:32.959 [JavaFX Application Thread] DEBUG GameApplicationServi - Removing overlay from MainLoadingScene and adding to GameScene
14:53:32.959 [JavaFX Application Thread] DEBUG PrimaryStageWindow   - MainLoadingScene -> GameScene
14:53:33.346 [FXGL Background Thread 2 ] INFO  UpdaterService       - Your current version:  17
14:53:33.347 [FXGL Background Thread 2 ] INFO  UpdaterService       - Latest stable version: 17.3
14:53:35.363 [FXGL Background Thread 3 ] DEBUG Engine               - Logging environment variables
14:53:35.365 [FXGL Background Thread 3 ] DEBUG Engine               - achievements: []
14:53:35.366 [FXGL Background Thread 3 ] DEBUG Engine               - actualHeight: 720.0
14:53:35.366 [FXGL Background Thread 3 ] DEBUG Engine               - actualHeightProperty: ReadOnlyDoubleProperty [value: 720.0]
14:53:35.366 [FXGL Background Thread 3 ] DEBUG Engine               - actualWidth: 1280.0
14:53:35.366 [FXGL Background Thread 3 ] DEBUG Engine               - actualWidthProperty: ReadOnlyDoubleProperty [value: 1280.0]
14:53:35.366 [FXGL Background Thread 3 ] DEBUG Engine               - appIcon: fxgl_icon.png
14:53:35.366 [FXGL Background Thread 3 ] DEBUG Engine               - applicationMode: DEVELOPER
14:53:35.367 [FXGL Background Thread 3 ] DEBUG Engine               - cSSList: [fxgl_dark.css]
14:53:35.367 [FXGL Background Thread 3 ] DEBUG Engine               - collisionDetectionStrategy: BRUTE_FORCE
14:53:35.367 [FXGL Background Thread 3 ] DEBUG Engine               - configClass: Optional.empty
14:53:35.367 [FXGL Background Thread 3 ] DEBUG Engine               - credits: []
14:53:35.367 [FXGL Background Thread 3 ] DEBUG Engine               - defaultCursor: CursorInfo(imageName=fxgl_default_cursor.png, hotspotX=7.0, hotspotY=6.0)
14:53:35.367 [FXGL Background Thread 3 ] DEBUG Engine               - devBBoxColorProperty: ObjectProperty [value: 0xff0000ff]
14:53:35.367 [FXGL Background Thread 3 ] DEBUG Engine               - devEnableDebugCameraProperty: BooleanProperty [value: false]
14:53:35.367 [FXGL Background Thread 3 ] DEBUG Engine               - devSensorColorProperty: ObjectProperty [value: 0xffff00ff]
14:53:35.368 [FXGL Background Thread 3 ] DEBUG Engine               - devShowBBoxProperty: BooleanProperty [value: false]
14:53:35.368 [FXGL Background Thread 3 ] DEBUG Engine               - devShowPositionProperty: BooleanProperty [value: false]
14:53:35.368 [FXGL Background Thread 3 ] DEBUG Engine               - enabledMenuItems: []
14:53:35.368 [FXGL Background Thread 3 ] DEBUG Engine               - engineServices: [class com.almasb.fxgl.app.services.FXGLAssetLoaderService, class com.almasb.fxgl.app.FXGLApplication$GameApplicationService, class com.almasb.fxgl.app.services.FXGLDialogService, class com.almasb.fxgl.app.services.IOTaskExecutorService, class com.almasb.fxgl.io.FileSystemService, class com.almasb.fxgl.localization.LocalizationService, class com.almasb.fxgl.app.services.SystemBundleService, class com.almasb.fxgl.profile.SaveLoadService, class com.almasb.fxgl.ui.FXGLUIFactoryServiceProvider, class com.almasb.fxgl.ui.FXGLDialogFactoryServiceProvider, class com.almasb.fxgl.audio.AudioPlayer, class com.almasb.fxgl.notification.impl.NotificationServiceProvider, class com.almasb.fxgl.achievement.AchievementService, class com.almasb.fxgl.cutscene.CutsceneService, class com.almasb.fxgl.minigames.MiniGameService, class com.almasb.fxgl.net.NetService, class com.almasb.fxgl.app.services.UpdaterService, class com.almasb.fxgl.dev.DevService]
14:53:35.368 [FXGL Background Thread 3 ] DEBUG Engine               - fontGame: Abel-Regular.ttf
14:53:35.368 [FXGL Background Thread 3 ] DEBUG Engine               - fontMono: TerminalLandMono-Regular.otf
14:53:35.368 [FXGL Background Thread 3 ] DEBUG Engine               - fontText: Courier-Prime.ttf
14:53:35.368 [FXGL Background Thread 3 ] DEBUG Engine               - fontUI: VarelaRound-Regular.ttf
14:53:35.368 [FXGL Background Thread 3 ] DEBUG Engine               - fullScreen: BooleanProperty [value: false]
14:53:35.368 [FXGL Background Thread 3 ] DEBUG Engine               - gameDifficulty: MEDIUM
14:53:35.368 [FXGL Background Thread 3 ] DEBUG Engine               - gameDifficultyProperty: ObjectProperty [value: MEDIUM]
14:53:35.368 [FXGL Background Thread 3 ] DEBUG Engine               - globalMusicVolume: 0.5
14:53:35.368 [FXGL Background Thread 3 ] DEBUG Engine               - globalMusicVolumeProperty: DoubleProperty [value: 0.5]
14:53:35.368 [FXGL Background Thread 3 ] DEBUG Engine               - globalSoundVolume: 0.5
14:53:35.368 [FXGL Background Thread 3 ] DEBUG Engine               - globalSoundVolumeProperty: DoubleProperty [value: 0.5]
14:53:35.368 [FXGL Background Thread 3 ] DEBUG Engine               - height: 720
14:53:35.368 [FXGL Background Thread 3 ] DEBUG Engine               - is3D: false
14:53:35.368 [FXGL Background Thread 3 ] DEBUG Engine               - isAndroid: false
14:53:35.369 [FXGL Background Thread 3 ] DEBUG Engine               - isBrowser: false
14:53:35.369 [FXGL Background Thread 3 ] DEBUG Engine               - isClickFeedbackEnabled: false
14:53:35.369 [FXGL Background Thread 3 ] DEBUG Engine               - isCloseConfirmation: false
14:53:35.369 [FXGL Background Thread 3 ] DEBUG Engine               - isDesktop: true
14:53:35.369 [FXGL Background Thread 3 ] DEBUG Engine               - isDeveloperMenuEnabled: false
14:53:35.369 [FXGL Background Thread 3 ] DEBUG Engine               - isEmbedded: false
14:53:35.369 [FXGL Background Thread 3 ] DEBUG Engine               - isEntityPreloadEnabled: true
14:53:35.369 [FXGL Background Thread 3 ] DEBUG Engine               - isExperimentalTiledLargeMap: false
14:53:35.369 [FXGL Background Thread 3 ] DEBUG Engine               - isFileSystemWriteAllowed: true
14:53:35.369 [FXGL Background Thread 3 ] DEBUG Engine               - isFullScreenAllowed: false
14:53:35.369 [FXGL Background Thread 3 ] DEBUG Engine               - isFullScreenFromStart: false
14:53:35.369 [FXGL Background Thread 3 ] DEBUG Engine               - isGameMenuEnabled: true
14:53:35.369 [FXGL Background Thread 3 ] DEBUG Engine               - isIOS: false
14:53:35.369 [FXGL Background Thread 3 ] DEBUG Engine               - isIntroEnabled: false
14:53:35.369 [FXGL Background Thread 3 ] DEBUG Engine               - isLinux: false
14:53:35.369 [FXGL Background Thread 3 ] DEBUG Engine               - isMac: false
14:53:35.369 [FXGL Background Thread 3 ] DEBUG Engine               - isMainMenuEnabled: false
14:53:35.369 [FXGL Background Thread 3 ] DEBUG Engine               - isManualResizeEnabled: false
14:53:35.370 [FXGL Background Thread 3 ] DEBUG Engine               - isMobile: false
14:53:35.370 [FXGL Background Thread 3 ] DEBUG Engine               - isNative: false
14:53:35.370 [FXGL Background Thread 3 ] DEBUG Engine               - isPauseMusicWhenMinimized: true
14:53:35.370 [FXGL Background Thread 3 ] DEBUG Engine               - isPreserveResizeRatio: false
14:53:35.370 [FXGL Background Thread 3 ] DEBUG Engine               - isProfilingEnabled: false
14:53:35.370 [FXGL Background Thread 3 ] DEBUG Engine               - isScaleAffectedOnResize: true
14:53:35.370 [FXGL Background Thread 3 ] DEBUG Engine               - isSingleStep: false
14:53:35.370 [FXGL Background Thread 3 ] DEBUG Engine               - isUserProfileEnabled: false
14:53:35.370 [FXGL Background Thread 3 ] DEBUG Engine               - isWindows: true
14:53:35.370 [FXGL Background Thread 3 ] DEBUG Engine               - language: ObjectProperty [value: ENGLISH]
14:53:35.370 [FXGL Background Thread 3 ] DEBUG Engine               - menuKey: ESCAPE
14:53:35.370 [FXGL Background Thread 3 ] DEBUG Engine               - mouseSensitivity: 0.2
14:53:35.370 [FXGL Background Thread 3 ] DEBUG Engine               - notificationViewClass: class com.almasb.fxgl.notification.view.XboxNotificationView
14:53:35.370 [FXGL Background Thread 3 ] DEBUG Engine               - pixelsPerMeter: 50.0
14:53:35.370 [FXGL Background Thread 3 ] DEBUG Engine               - platform: WINDOWS
14:53:35.370 [FXGL Background Thread 3 ] DEBUG Engine               - prefHeightProperty: ReadOnlyDoubleProperty [value: 720.0]
14:53:35.370 [FXGL Background Thread 3 ] DEBUG Engine               - prefWidthProperty: ReadOnlyDoubleProperty [value: 1280.0]
14:53:35.370 [FXGL Background Thread 3 ] DEBUG Engine               - profileDir: profiles/
14:53:35.370 [FXGL Background Thread 3 ] DEBUG Engine               - profileName: StringProperty [value: DEFAULT]
14:53:35.370 [FXGL Background Thread 3 ] DEBUG Engine               - randomSeed: -1
14:53:35.371 [FXGL Background Thread 3 ] DEBUG Engine               - runtimeInfo: RuntimeInfo(platform=WINDOWS, version=17, build=31.12.2021 18.16)
14:53:35.371 [FXGL Background Thread 3 ] DEBUG Engine               - saveFileExt: sav
14:53:35.371 [FXGL Background Thread 3 ] DEBUG Engine               - scaledHeightProp$fxgl: DoubleProperty [bound, value: 720.0]
14:53:35.371 [FXGL Background Thread 3 ] DEBUG Engine               - scaledWidthProp$fxgl: DoubleProperty [bound, value: 1280.0]
14:53:35.371 [FXGL Background Thread 3 ] DEBUG Engine               - sceneFactory: com.whhs.platformer.PlatformerApp$1@3a24dbdb
14:53:35.371 [FXGL Background Thread 3 ] DEBUG Engine               - secondsIn24h: 60
14:53:35.371 [FXGL Background Thread 3 ] DEBUG Engine               - soundMenuBack: menu/back.wav
14:53:35.371 [FXGL Background Thread 3 ] DEBUG Engine               - soundMenuPress: menu/press.wav
14:53:35.371 [FXGL Background Thread 3 ] DEBUG Engine               - soundMenuSelect: menu/select.wav
14:53:35.371 [FXGL Background Thread 3 ] DEBUG Engine               - soundNotification: core/notification.wav
14:53:35.371 [FXGL Background Thread 3 ] DEBUG Engine               - stageStyle: DECORATED
14:53:35.371 [FXGL Background Thread 3 ] DEBUG Engine               - supportedLanguages: [ENGLISH, FRENCH, GERMAN, HUNGARIAN, RUSSIAN]
14:53:35.371 [FXGL Background Thread 3 ] DEBUG Engine               - ticksPerSecond: -1
14:53:35.371 [FXGL Background Thread 3 ] DEBUG Engine               - title: Untitled
14:53:35.371 [FXGL Background Thread 3 ] DEBUG Engine               - urlGithub: https://github.com/AlmasB/FXGL
14:53:35.372 [FXGL Background Thread 3 ] DEBUG Engine               - urlLeaderboard: http://fxgl-top.herokuapp.com/
14:53:35.372 [FXGL Background Thread 3 ] DEBUG Engine               - urlPOM: https://raw.githubusercontent.com/AlmasB/FXGL/release/README.md
14:53:35.372 [FXGL Background Thread 3 ] DEBUG Engine               - userAppClass: class com.whhs.platformer.PlatformerApp
14:53:35.372 [FXGL Background Thread 3 ] DEBUG Engine               - version: 0.0
14:53:35.372 [FXGL Background Thread 3 ] DEBUG Engine               - versionCheckDays: 7
14:53:35.372 [FXGL Background Thread 3 ] DEBUG Engine               - width: 1280
14:53:35.372 [FXGL Background Thread 3 ] DEBUG Engine               - Logging services
14:53:35.372 [FXGL Background Thread 3 ] DEBUG Engine               - class com.almasb.fxgl.app.services.FXGLAssetLoaderService
14:53:35.372 [FXGL Background Thread 3 ] DEBUG Engine               - class com.almasb.fxgl.app.FXGLApplication$GameApplicationService
14:53:35.372 [FXGL Background Thread 3 ] DEBUG Engine               - class com.almasb.fxgl.app.services.FXGLDialogService
14:53:35.372 [FXGL Background Thread 3 ] DEBUG Engine               - class com.almasb.fxgl.app.services.IOTaskExecutorService
14:53:35.372 [FXGL Background Thread 3 ] DEBUG Engine               - class com.almasb.fxgl.io.FileSystemService
14:53:35.372 [FXGL Background Thread 3 ] DEBUG Engine               - class com.almasb.fxgl.localization.LocalizationService
14:53:35.372 [FXGL Background Thread 3 ] DEBUG Engine               - class com.almasb.fxgl.app.services.SystemBundleService
14:53:35.372 [FXGL Background Thread 3 ] DEBUG Engine               - class com.almasb.fxgl.profile.SaveLoadService
14:53:35.372 [FXGL Background Thread 3 ] DEBUG Engine               - class com.almasb.fxgl.ui.FXGLUIFactoryServiceProvider
14:53:35.372 [FXGL Background Thread 3 ] DEBUG Engine               - class com.almasb.fxgl.ui.FXGLDialogFactoryServiceProvider
14:53:35.372 [FXGL Background Thread 3 ] DEBUG Engine               - class com.almasb.fxgl.audio.AudioPlayer
14:53:35.372 [FXGL Background Thread 3 ] DEBUG Engine               - class com.almasb.fxgl.notification.impl.NotificationServiceProvider
14:53:35.372 [FXGL Background Thread 3 ] DEBUG Engine               - class com.almasb.fxgl.achievement.AchievementService
14:53:35.372 [FXGL Background Thread 3 ] DEBUG Engine               - class com.almasb.fxgl.cutscene.CutsceneService
14:53:35.372 [FXGL Background Thread 3 ] DEBUG Engine               - class com.almasb.fxgl.minigames.MiniGameService
14:53:35.372 [FXGL Background Thread 3 ] DEBUG Engine               - class com.almasb.fxgl.net.NetService
14:53:35.372 [FXGL Background Thread 3 ] DEBUG Engine               - class com.almasb.fxgl.app.services.UpdaterService
14:53:35.372 [FXGL Background Thread 3 ] DEBUG Engine               - class com.almasb.fxgl.dev.DevService
14:53:44.211 [JavaFX Application Thread] DEBUG TMXLevelLoader       - Parsed TiledMap: file:/C:/Users/WDAGUtilityAccount/git/platformer/target/classes/assets/levels/tmx/level1.tmx
14:53:44.211 [JavaFX Application Thread] DEBUG TMXLevelLoader       - Creating tile layer entities
14:53:44.211 [JavaFX Application Thread] DEBUG TilesetLoader        - Loading view for layer Tile Layer 1
14:53:44.215 [JavaFX Application Thread] DEBUG TilesetLoader        - Created buffer with size 1050.0x700.0
14:53:44.231 [JavaFX Application Thread] DEBUG TMXLevelLoader       - Creating object layer entities
14:53:44.237 [JavaFX Application Thread] DEBUG GameWorld            - Clearing removable entities
14:53:44.245 [JavaFX Application Thread] DEBUG GameWorld            - Setting level: com.almasb.fxgl.entity.level.Level@4aedab35
14:53:46.879 [JavaFX Application Thread] DEBUG FXGLApplication      - Exiting FXGL
14:53:46.879 [JavaFX Application Thread] DEBUG LoopRunner           - Stopping loop
14:53:46.879 [JavaFX Application Thread] DEBUG SystemBundleService  - Saving FXGL system data
14:53:46.881 [JavaFX Application Thread] DEBUG FileSystemAccess     - Writing to: C:\Users\WDAGUtilityAccount\git\platformer\system\fxgl.bundle
14:53:46.884 [JavaFX Application Thread] DEBUG Async                - Shutting down background threads
14:53:46.884 [JavaFX Application Thread] DEBUG PrimaryStageWindow   - Closing main window
14:53:46.903 [JavaFX Application Thread] DEBUG Logger               - Closing Logger
