14:50:11.403 [main                     ] DEBUG Logger               - Configured Logger
14:50:11.445 [main                     ] DEBUG GameApplication      - Logging settings
Title: Untitled
Version: 0.0
Width: 1280
Height: 720
Fullscreen: false
Intro: false
Profiling: false
Single step:false
App Mode: DEVELOPER
Menu Key: ESCAPE
Stage Style: DECORATED
Scene Factory: class com.whhs.platformer.PlatformerApp$1

14:50:12.083 [JavaFX Application Thread] DEBUG FXGLApplication      - Initializing FXGL
14:50:12.090 [JavaFX Application Thread] INFO  Engine               - FXGL-17 (31.12.2021 18.16) on WINDOWS (J:17.0.8.1 FX:13)
14:50:12.093 [JavaFX Application Thread] DEBUG Engine               - JRE Vendor Name: Eclipse Adoptium
14:50:12.093 [JavaFX Application Thread] DEBUG Engine               - Running on OS: Windows 11 version 10.0
14:50:12.093 [JavaFX Application Thread] DEBUG Engine               - Architecture: amd64
14:50:12.093 [JavaFX Application Thread] INFO  Engine               - Source code and latest versions at: https://github.com/AlmasB/FXGL
14:50:12.093 [JavaFX Application Thread] INFO  Engine               -       Ask questions and discuss at: https://github.com/AlmasB/FXGL/discussions
14:50:12.094 [JavaFX Application Thread] INFO  Engine               -              Join the FXGL chat at: https://gitter.im/AlmasB/FXGL
14:50:12.185 [JavaFX Application Thread] DEBUG PrimaryStageWindow   - Creating a JavaFX scene
14:50:12.230 [JavaFX Application Thread] DEBUG PrimaryStageWindow   - Target settings size: 1280.0 x 720.0
14:50:12.230 [JavaFX Application Thread] DEBUG PrimaryStageWindow   - Scaled scene size:    1280.0 x 720.0
14:50:12.230 [JavaFX Application Thread] DEBUG PrimaryStageWindow   - Scaled ratio: (1.0, 1.0)
14:50:12.231 [JavaFX Application Thread] DEBUG PrimaryStageWindow   - Set initial scene to FXGLStartupScene
14:50:12.243 [JavaFX Application Thread] DEBUG PrimaryStageWindow   - Opening main window
14:50:12.339 [JavaFX Application Thread] DEBUG PrimaryStageWindow   - Window border size: (16.0, 39.0)
14:50:12.340 [JavaFX Application Thread] DEBUG PrimaryStageWindow   - Scaled size: 1280.0 x 720.0
14:50:12.340 [JavaFX Application Thread] DEBUG PrimaryStageWindow   - Scaled ratio: (1.0, 1.0)
14:50:12.340 [JavaFX Application Thread] DEBUG PrimaryStageWindow   - Scene size: 1280.0 x 720.0
14:50:12.341 [JavaFX Application Thread] DEBUG PrimaryStageWindow   - Stage size: 1296.0 x 759.0
14:50:12.355 [FXGL Background Thread 1 ] DEBUG Engine               - Initializing environment variables
14:50:12.438 [FXGL Background Thread 1 ] DEBUG FXGLAssetLoaderServi - User app class for loading assets: class com.whhs.platformer.PlatformerApp
14:50:12.438 [FXGL Background Thread 1 ] DEBUG GameApplicationServi - Applying CSS: fxgl_dark.css
14:50:12.440 [FXGL Background Thread 1 ] DEBUG FXGLAssetLoaderServi - Loading from file system: jar:file:///C:/Users/WDAGUtilityAccount/.m2/repository/com/github/almasb/fxgl/17/fxgl-17.jar!/fxglassets/ui/css/fxgl_dark.css
14:50:12.504 [FXGL Background Thread 1 ] DEBUG GameApplicationServi - Initializing application scenes
14:50:12.587 [FXGL Background Thread 1 ] DEBUG FXGLAssetLoaderServi - Loading from file system: file:/C:/Users/WDAGUtilityAccount/git/platformer/target/classes/assets/textures/player.png
14:50:12.614 [FXGL Background Thread 1 ] DEBUG GameWorld            - Game world initialized
14:50:12.665 [FXGL Background Thread 1 ] DEBUG PhysicsWorld         - Physics world initialized: appHeight=720, physics.ppm=50.0
14:50:12.665 [FXGL Background Thread 1 ] DEBUG PhysicsWorld         - Using strategy: BRUTE_FORCE
14:50:12.669 [FXGL Background Thread 1 ] DEBUG GameScene            - Game scene initialized: 1280x720
14:50:12.679 [FXGL Background Thread 1 ] DEBUG FXGL.DefaultMenu     - createMenuBodyGameMenu()
14:50:12.720 [FXGL Background Thread 1 ] DEBUG FXGL.DefaultMenu     - createOptionsMenu()
14:50:12.740 [FXGL Background Thread 1 ] DEBUG FXGLAssetLoaderServi - Loading from file system: jar:file:///C:/Users/WDAGUtilityAccount/.m2/repository/com/github/almasb/fxgl/17/fxgl-17.jar!/fxglassets/textures/particles/smoke.png
14:50:12.853 [FXGL Background Thread 1 ] DEBUG FXGLAssetLoaderServi - Loading from file system: jar:file:///C:/Users/WDAGUtilityAccount/.m2/repository/com/github/almasb/fxgl/17/fxgl-17.jar!/fxglassets/textures/particles/trace_horizontal.png
14:50:12.903 [FXGL Background Thread 1 ] DEBUG GameApplicationServi - Application scenes initialized
14:50:12.934 [FXGL Background Thread 1 ] DEBUG SystemBundleService  - Loading FXGL system data
14:50:12.938 [FXGL Background Thread 1 ] WARN  SystemBundleService  - Failed to load: java.io.FileNotFoundException: C:\Users\WDAGUtilityAccount\git\platformer\system\fxgl.bundle (The system cannot find the file specified)
14:50:12.938 [FXGL Background Thread 1 ] DEBUG SystemBundleService  - Loading default FXGL system data
14:50:12.939 [FXGL Background Thread 1 ] DEBUG UpdaterService       - Checking for updates
14:50:12.947 [FXGL Background Thread 4 ] DEBUG FXGLApplication      - Loading fonts
14:50:12.947 [FXGL Background Thread 4 ] DEBUG FXGLAssetLoaderServi - Loading from file system: jar:file:///C:/Users/WDAGUtilityAccount/.m2/repository/com/github/almasb/fxgl/17/fxgl-17.jar!/fxglassets/ui/fonts/VarelaRound-Regular.ttf
14:50:12.947 [FXGL Background Thread 1 ] DEBUG FXGLApplication      - Loading default localization
14:50:12.952 [FXGL Background Thread 1 ] DEBUG FXGLAssetLoaderServi - Loading from file system: jar:file:///C:/Users/WDAGUtilityAccount/.m2/repository/com/github/almasb/fxgl/17/fxgl-17.jar!/fxglassets/languages/english.lang
14:50:13.041 [FXGL Background Thread 4 ] DEBUG FXGLAssetLoaderServi - Loading from file system: jar:file:///C:/Users/WDAGUtilityAccount/.m2/repository/com/github/almasb/fxgl/17/fxgl-17.jar!/fxglassets/ui/fonts/Abel-Regular.ttf
14:50:13.044 [FXGL Background Thread 4 ] DEBUG FXGLAssetLoaderServi - Loading from file system: jar:file:///C:/Users/WDAGUtilityAccount/.m2/repository/com/github/almasb/fxgl/17/fxgl-17.jar!/fxglassets/ui/fonts/TerminalLandMono-Regular.otf
14:50:13.048 [FXGL Background Thread 4 ] DEBUG FXGLAssetLoaderServi - Loading from file system: jar:file:///C:/Users/WDAGUtilityAccount/.m2/repository/com/github/almasb/fxgl/17/fxgl-17.jar!/fxglassets/ui/fonts/Courier-Prime.ttf
14:50:13.062 [JavaFX Application Thread] DEBUG FXGLApplication      - Registering font factories with UI factory
14:50:13.069 [FXGL Background Thread 1 ] INFO  FXGLApplication      - FXGL initialization took: 0.714 sec
14:50:13.085 [JavaFX Application Thread] DEBUG Input                - Registered new binding: left - A
14:50:13.086 [JavaFX Application Thread] DEBUG Input                - Registered new binding: Right - D
14:50:13.086 [JavaFX Application Thread] DEBUG Input                - Registered new binding: Jump - W
14:50:13.086 [JavaFX Application Thread] DEBUG Input                - Registered new binding: Use - E
14:50:13.087 [JavaFX Application Thread] DEBUG FXGLAssetLoaderServi - Loading from file system: jar:file:///C:/Users/WDAGUtilityAccount/.m2/repository/com/github/almasb/fxgl/17/fxgl-17.jar!/fxglassets/textures/fxgl_icon.png
14:50:13.110 [JavaFX Application Thread] DEBUG FXGLAssetLoaderServi - Loading from file system: jar:file:///C:/Users/WDAGUtilityAccount/.m2/repository/com/github/almasb/fxgl/17/fxgl-17.jar!/fxglassets/textures/fxgl_default_cursor.png
14:50:13.117 [JavaFX Application Thread] DEBUG Input                - Registered new binding: Screenshot - CTRL+8
14:50:13.119 [JavaFX Application Thread] DEBUG Input                - Registered new binding: System info dump - CTRL+9
14:50:13.119 [JavaFX Application Thread] DEBUG Input                - Registered new binding: Restart - CTRL+R
14:50:13.121 [JavaFX Application Thread] DEBUG Input                - Registered new binding: Toggle Debug Camera - CTRL+7
14:50:13.125 [JavaFX Application Thread] DEBUG LoopRunner           - Starting loop
14:50:13.125 [JavaFX Application Thread] DEBUG LoopRunner           - Initializing JavaFX AnimationTimerLoop
14:50:13.128 [JavaFX Application Thread] DEBUG GameApplicationServi - Starting new game
14:50:13.129 [JavaFX Application Thread] DEBUG Input                - Clearing active input actions
14:50:13.153 [JavaFX Application Thread] DEBUG GameApplicationServi - Removing overlay from FXGLStartupScene and adding to MainLoadingScene
14:50:13.154 [JavaFX Application Thread] DEBUG PrimaryStageWindow   - FXGLStartupScene -> MainLoadingScene
14:50:13.154 [JavaFX Application Thread] DEBUG GameApplicationServi - Clearing previous game
14:50:13.154 [JavaFX Application Thread] DEBUG GameScene            - Clearing game scene
14:50:13.154 [JavaFX Application Thread] DEBUG GameWorld            - Clearing game world
14:50:13.154 [JavaFX Application Thread] DEBUG PhysicsWorld         - Clearing physics world
14:50:13.156 [FXGL Background Thread 1 ] DEBUG FXGLApplication      - Initializing game
14:50:13.318 [FXGL Background Thread 1 ] DEBUG TMXLevelLoader       - Parsed TiledMap: file:/C:/Users/WDAGUtilityAccount/git/platformer/target/classes/assets/levels/tmx/level1.tmx
14:50:13.321 [FXGL Background Thread 1 ] DEBUG TMXLevelLoader       - Creating tile layer entities
14:50:13.328 [FXGL Background Thread 1 ] DEBUG TilesetLoader        - Loading view for layer Tile Layer 1
14:50:13.331 [FXGL Background Thread 1 ] DEBUG TilesetLoader        - Created buffer with size 1050.0x700.0
14:50:13.350 [FXGL Background Thread 1 ] DEBUG TMXLevelLoader       - Creating object layer entities
14:50:13.460 [FXGL Background Thread 1 ] DEBUG GameWorld            - Clearing removable entities
14:50:13.463 [FXGL Background Thread 1 ] DEBUG GameWorld            - Setting level: com.almasb.fxgl.entity.level.Level@70d90778
14:50:13.528 [FXGL Background Thread 1 ] DEBUG FXGLAssetLoaderServi - Loading from file system: file:/C:/Users/WDAGUtilityAccount/git/platformer/target/classes/assets/textures/background/forest.png
14:50:13.558 [FXGL Background Thread 1 ] INFO  FXGLApplication      - Game initialization took: 0.402 sec
14:50:13.576 [JavaFX Application Thread] DEBUG Input                - Clearing active input actions
14:50:13.584 [JavaFX Application Thread] DEBUG GameApplicationServi - Removing overlay from MainLoadingScene and adding to GameScene
14:50:13.584 [JavaFX Application Thread] DEBUG PrimaryStageWindow   - MainLoadingScene -> GameScene
14:50:13.929 [FXGL Background Thread 2 ] INFO  UpdaterService       - Your current version:  17
14:50:13.929 [FXGL Background Thread 2 ] INFO  UpdaterService       - Latest stable version: 17.3
14:50:15.944 [FXGL Background Thread 3 ] DEBUG Engine               - Logging environment variables
14:50:15.945 [FXGL Background Thread 3 ] DEBUG Engine               - achievements: []
14:50:15.945 [FXGL Background Thread 3 ] DEBUG Engine               - actualHeight: 720.0
14:50:15.945 [FXGL Background Thread 3 ] DEBUG Engine               - actualHeightProperty: ReadOnlyDoubleProperty [value: 720.0]
14:50:15.945 [FXGL Background Thread 3 ] DEBUG Engine               - actualWidth: 1280.0
14:50:15.945 [FXGL Background Thread 3 ] DEBUG Engine               - actualWidthProperty: ReadOnlyDoubleProperty [value: 1280.0]
14:50:15.945 [FXGL Background Thread 3 ] DEBUG Engine               - appIcon: fxgl_icon.png
14:50:15.945 [FXGL Background Thread 3 ] DEBUG Engine               - applicationMode: DEVELOPER
14:50:15.945 [FXGL Background Thread 3 ] DEBUG Engine               - cSSList: [fxgl_dark.css]
14:50:15.945 [FXGL Background Thread 3 ] DEBUG Engine               - collisionDetectionStrategy: BRUTE_FORCE
14:50:15.945 [FXGL Background Thread 3 ] DEBUG Engine               - configClass: Optional.empty
14:50:15.945 [FXGL Background Thread 3 ] DEBUG Engine               - credits: []
14:50:15.948 [FXGL Background Thread 3 ] DEBUG Engine               - defaultCursor: CursorInfo(imageName=fxgl_default_cursor.png, hotspotX=7.0, hotspotY=6.0)
14:50:15.949 [FXGL Background Thread 3 ] DEBUG Engine               - devBBoxColorProperty: ObjectProperty [value: 0xff0000ff]
14:50:15.950 [FXGL Background Thread 3 ] DEBUG Engine               - devEnableDebugCameraProperty: BooleanProperty [value: false]
14:50:15.950 [FXGL Background Thread 3 ] DEBUG Engine               - devSensorColorProperty: ObjectProperty [value: 0xffff00ff]
14:50:15.950 [FXGL Background Thread 3 ] DEBUG Engine               - devShowBBoxProperty: BooleanProperty [value: false]
14:50:15.950 [FXGL Background Thread 3 ] DEBUG Engine               - devShowPositionProperty: BooleanProperty [value: false]
14:50:15.951 [FXGL Background Thread 3 ] DEBUG Engine               - enabledMenuItems: []
14:50:15.951 [FXGL Background Thread 3 ] DEBUG Engine               - engineServices: [class com.almasb.fxgl.app.services.FXGLAssetLoaderService, class com.almasb.fxgl.app.FXGLApplication$GameApplicationService, class com.almasb.fxgl.app.services.FXGLDialogService, class com.almasb.fxgl.app.services.IOTaskExecutorService, class com.almasb.fxgl.io.FileSystemService, class com.almasb.fxgl.localization.LocalizationService, class com.almasb.fxgl.app.services.SystemBundleService, class com.almasb.fxgl.profile.SaveLoadService, class com.almasb.fxgl.ui.FXGLUIFactoryServiceProvider, class com.almasb.fxgl.ui.FXGLDialogFactoryServiceProvider, class com.almasb.fxgl.audio.AudioPlayer, class com.almasb.fxgl.notification.impl.NotificationServiceProvider, class com.almasb.fxgl.achievement.AchievementService, class com.almasb.fxgl.cutscene.CutsceneService, class com.almasb.fxgl.minigames.MiniGameService, class com.almasb.fxgl.net.NetService, class com.almasb.fxgl.app.services.UpdaterService, class com.almasb.fxgl.dev.DevService]
14:50:15.951 [FXGL Background Thread 3 ] DEBUG Engine               - fontGame: Abel-Regular.ttf
14:50:15.951 [FXGL Background Thread 3 ] DEBUG Engine               - fontMono: TerminalLandMono-Regular.otf
14:50:15.951 [FXGL Background Thread 3 ] DEBUG Engine               - fontText: Courier-Prime.ttf
14:50:15.951 [FXGL Background Thread 3 ] DEBUG Engine               - fontUI: VarelaRound-Regular.ttf
14:50:15.951 [FXGL Background Thread 3 ] DEBUG Engine               - fullScreen: BooleanProperty [value: false]
14:50:15.952 [FXGL Background Thread 3 ] DEBUG Engine               - gameDifficulty: MEDIUM
14:50:15.952 [FXGL Background Thread 3 ] DEBUG Engine               - gameDifficultyProperty: ObjectProperty [value: MEDIUM]
14:50:15.952 [FXGL Background Thread 3 ] DEBUG Engine               - globalMusicVolume: 0.5
14:50:15.952 [FXGL Background Thread 3 ] DEBUG Engine               - globalMusicVolumeProperty: DoubleProperty [value: 0.5]
14:50:15.952 [FXGL Background Thread 3 ] DEBUG Engine               - globalSoundVolume: 0.5
14:50:15.953 [FXGL Background Thread 3 ] DEBUG Engine               - globalSoundVolumeProperty: DoubleProperty [value: 0.5]
14:50:15.953 [FXGL Background Thread 3 ] DEBUG Engine               - height: 720
14:50:15.953 [FXGL Background Thread 3 ] DEBUG Engine               - is3D: false
14:50:15.953 [FXGL Background Thread 3 ] DEBUG Engine               - isAndroid: false
14:50:15.953 [FXGL Background Thread 3 ] DEBUG Engine               - isBrowser: false
14:50:15.953 [FXGL Background Thread 3 ] DEBUG Engine               - isClickFeedbackEnabled: false
14:50:15.953 [FXGL Background Thread 3 ] DEBUG Engine               - isCloseConfirmation: false
14:50:15.953 [FXGL Background Thread 3 ] DEBUG Engine               - isDesktop: true
14:50:15.953 [FXGL Background Thread 3 ] DEBUG Engine               - isDeveloperMenuEnabled: false
14:50:15.953 [FXGL Background Thread 3 ] DEBUG Engine               - isEmbedded: false
14:50:15.953 [FXGL Background Thread 3 ] DEBUG Engine               - isEntityPreloadEnabled: true
14:50:15.954 [FXGL Background Thread 3 ] DEBUG Engine               - isExperimentalTiledLargeMap: false
14:50:15.954 [FXGL Background Thread 3 ] DEBUG Engine               - isFileSystemWriteAllowed: true
14:50:15.954 [FXGL Background Thread 3 ] DEBUG Engine               - isFullScreenAllowed: false
14:50:15.954 [FXGL Background Thread 3 ] DEBUG Engine               - isFullScreenFromStart: false
14:50:15.954 [FXGL Background Thread 3 ] DEBUG Engine               - isGameMenuEnabled: true
14:50:15.954 [FXGL Background Thread 3 ] DEBUG Engine               - isIOS: false
14:50:15.954 [FXGL Background Thread 3 ] DEBUG Engine               - isIntroEnabled: false
14:50:15.954 [FXGL Background Thread 3 ] DEBUG Engine               - isLinux: false
14:50:15.954 [FXGL Background Thread 3 ] DEBUG Engine               - isMac: false
14:50:15.954 [FXGL Background Thread 3 ] DEBUG Engine               - isMainMenuEnabled: false
14:50:15.954 [FXGL Background Thread 3 ] DEBUG Engine               - isManualResizeEnabled: false
14:50:15.954 [FXGL Background Thread 3 ] DEBUG Engine               - isMobile: false
14:50:15.954 [FXGL Background Thread 3 ] DEBUG Engine               - isNative: false
14:50:15.955 [FXGL Background Thread 3 ] DEBUG Engine               - isPauseMusicWhenMinimized: true
14:50:15.955 [FXGL Background Thread 3 ] DEBUG Engine               - isPreserveResizeRatio: false
14:50:15.955 [FXGL Background Thread 3 ] DEBUG Engine               - isProfilingEnabled: false
14:50:15.955 [FXGL Background Thread 3 ] DEBUG Engine               - isScaleAffectedOnResize: true
14:50:15.955 [FXGL Background Thread 3 ] DEBUG Engine               - isSingleStep: false
14:50:15.955 [FXGL Background Thread 3 ] DEBUG Engine               - isUserProfileEnabled: false
14:50:15.955 [FXGL Background Thread 3 ] DEBUG Engine               - isWindows: true
14:50:15.955 [FXGL Background Thread 3 ] DEBUG Engine               - language: ObjectProperty [value: ENGLISH]
14:50:15.955 [FXGL Background Thread 3 ] DEBUG Engine               - menuKey: ESCAPE
14:50:15.955 [FXGL Background Thread 3 ] DEBUG Engine               - mouseSensitivity: 0.2
14:50:15.955 [FXGL Background Thread 3 ] DEBUG Engine               - notificationViewClass: class com.almasb.fxgl.notification.view.XboxNotificationView
14:50:15.955 [FXGL Background Thread 3 ] DEBUG Engine               - pixelsPerMeter: 50.0
14:50:15.955 [FXGL Background Thread 3 ] DEBUG Engine               - platform: WINDOWS
14:50:15.956 [FXGL Background Thread 3 ] DEBUG Engine               - prefHeightProperty: ReadOnlyDoubleProperty [value: 720.0]
14:50:15.956 [FXGL Background Thread 3 ] DEBUG Engine               - prefWidthProperty: ReadOnlyDoubleProperty [value: 1280.0]
14:50:15.956 [FXGL Background Thread 3 ] DEBUG Engine               - profileDir: profiles/
14:50:15.956 [FXGL Background Thread 3 ] DEBUG Engine               - profileName: StringProperty [value: DEFAULT]
14:50:15.956 [FXGL Background Thread 3 ] DEBUG Engine               - randomSeed: -1
14:50:15.956 [FXGL Background Thread 3 ] DEBUG Engine               - runtimeInfo: RuntimeInfo(platform=WINDOWS, version=17, build=31.12.2021 18.16)
14:50:15.956 [FXGL Background Thread 3 ] DEBUG Engine               - saveFileExt: sav
14:50:15.956 [FXGL Background Thread 3 ] DEBUG Engine               - scaledHeightProp$fxgl: DoubleProperty [bound, value: 720.0]
14:50:15.956 [FXGL Background Thread 3 ] DEBUG Engine               - scaledWidthProp$fxgl: DoubleProperty [bound, value: 1280.0]
14:50:15.956 [FXGL Background Thread 3 ] DEBUG Engine               - sceneFactory: com.whhs.platformer.PlatformerApp$1@7676172b
14:50:15.957 [FXGL Background Thread 3 ] DEBUG Engine               - secondsIn24h: 60
14:50:15.957 [FXGL Background Thread 3 ] DEBUG Engine               - soundMenuBack: menu/back.wav
14:50:15.957 [FXGL Background Thread 3 ] DEBUG Engine               - soundMenuPress: menu/press.wav
14:50:15.957 [FXGL Background Thread 3 ] DEBUG Engine               - soundMenuSelect: menu/select.wav
14:50:15.957 [FXGL Background Thread 3 ] DEBUG Engine               - soundNotification: core/notification.wav
14:50:15.957 [FXGL Background Thread 3 ] DEBUG Engine               - stageStyle: DECORATED
14:50:15.957 [FXGL Background Thread 3 ] DEBUG Engine               - supportedLanguages: [ENGLISH, FRENCH, GERMAN, HUNGARIAN, RUSSIAN]
14:50:15.957 [FXGL Background Thread 3 ] DEBUG Engine               - ticksPerSecond: -1
14:50:15.957 [FXGL Background Thread 3 ] DEBUG Engine               - title: Untitled
14:50:15.957 [FXGL Background Thread 3 ] DEBUG Engine               - urlGithub: https://github.com/AlmasB/FXGL
14:50:15.957 [FXGL Background Thread 3 ] DEBUG Engine               - urlLeaderboard: http://fxgl-top.herokuapp.com/
14:50:15.957 [FXGL Background Thread 3 ] DEBUG Engine               - urlPOM: https://raw.githubusercontent.com/AlmasB/FXGL/release/README.md
14:50:15.957 [FXGL Background Thread 3 ] DEBUG Engine               - userAppClass: class com.whhs.platformer.PlatformerApp
14:50:15.957 [FXGL Background Thread 3 ] DEBUG Engine               - version: 0.0
14:50:15.957 [FXGL Background Thread 3 ] DEBUG Engine               - versionCheckDays: 7
14:50:15.957 [FXGL Background Thread 3 ] DEBUG Engine               - width: 1280
14:50:15.957 [FXGL Background Thread 3 ] DEBUG Engine               - Logging services
14:50:15.957 [FXGL Background Thread 3 ] DEBUG Engine               - class com.almasb.fxgl.app.services.FXGLAssetLoaderService
14:50:15.957 [FXGL Background Thread 3 ] DEBUG Engine               - class com.almasb.fxgl.app.FXGLApplication$GameApplicationService
14:50:15.957 [FXGL Background Thread 3 ] DEBUG Engine               - class com.almasb.fxgl.app.services.FXGLDialogService
14:50:15.958 [FXGL Background Thread 3 ] DEBUG Engine               - class com.almasb.fxgl.app.services.IOTaskExecutorService
14:50:15.958 [FXGL Background Thread 3 ] DEBUG Engine               - class com.almasb.fxgl.io.FileSystemService
14:50:15.958 [FXGL Background Thread 3 ] DEBUG Engine               - class com.almasb.fxgl.localization.LocalizationService
14:50:15.958 [FXGL Background Thread 3 ] DEBUG Engine               - class com.almasb.fxgl.app.services.SystemBundleService
14:50:15.958 [FXGL Background Thread 3 ] DEBUG Engine               - class com.almasb.fxgl.profile.SaveLoadService
14:50:15.958 [FXGL Background Thread 3 ] DEBUG Engine               - class com.almasb.fxgl.ui.FXGLUIFactoryServiceProvider
14:50:15.958 [FXGL Background Thread 3 ] DEBUG Engine               - class com.almasb.fxgl.ui.FXGLDialogFactoryServiceProvider
14:50:15.958 [FXGL Background Thread 3 ] DEBUG Engine               - class com.almasb.fxgl.audio.AudioPlayer
14:50:15.958 [FXGL Background Thread 3 ] DEBUG Engine               - class com.almasb.fxgl.notification.impl.NotificationServiceProvider
14:50:15.958 [FXGL Background Thread 3 ] DEBUG Engine               - class com.almasb.fxgl.achievement.AchievementService
14:50:15.958 [FXGL Background Thread 3 ] DEBUG Engine               - class com.almasb.fxgl.cutscene.CutsceneService
14:50:15.958 [FXGL Background Thread 3 ] DEBUG Engine               - class com.almasb.fxgl.minigames.MiniGameService
14:50:15.958 [FXGL Background Thread 3 ] DEBUG Engine               - class com.almasb.fxgl.net.NetService
14:50:15.958 [FXGL Background Thread 3 ] DEBUG Engine               - class com.almasb.fxgl.app.services.UpdaterService
14:50:15.958 [FXGL Background Thread 3 ] DEBUG Engine               - class com.almasb.fxgl.dev.DevService
14:50:31.656 [JavaFX Application Thread] DEBUG TMXLevelLoader       - Parsed TiledMap: file:/C:/Users/WDAGUtilityAccount/git/platformer/target/classes/assets/levels/tmx/level1.tmx
14:50:31.656 [JavaFX Application Thread] DEBUG TMXLevelLoader       - Creating tile layer entities
14:50:31.657 [JavaFX Application Thread] DEBUG TilesetLoader        - Loading view for layer Tile Layer 1
14:50:31.662 [JavaFX Application Thread] DEBUG TilesetLoader        - Created buffer with size 1050.0x700.0
14:50:31.688 [JavaFX Application Thread] DEBUG TMXLevelLoader       - Creating object layer entities
14:50:31.693 [JavaFX Application Thread] DEBUG GameWorld            - Clearing removable entities
14:50:31.696 [JavaFX Application Thread] DEBUG GameWorld            - Setting level: com.almasb.fxgl.entity.level.Level@62e9fb8d
14:50:41.528 [JavaFX Application Thread] DEBUG TMXLevelLoader       - Parsed TiledMap: file:/C:/Users/WDAGUtilityAccount/git/platformer/target/classes/assets/levels/tmx/level1.tmx
14:50:41.528 [JavaFX Application Thread] DEBUG TMXLevelLoader       - Creating tile layer entities
14:50:41.528 [JavaFX Application Thread] DEBUG TilesetLoader        - Loading view for layer Tile Layer 1
14:50:41.531 [JavaFX Application Thread] DEBUG TilesetLoader        - Created buffer with size 1050.0x700.0
14:50:41.543 [JavaFX Application Thread] DEBUG TMXLevelLoader       - Creating object layer entities
14:50:41.549 [JavaFX Application Thread] DEBUG GameWorld            - Clearing removable entities
14:50:41.550 [JavaFX Application Thread] DEBUG GameWorld            - Setting level: com.almasb.fxgl.entity.level.Level@5b005327
14:51:06.810 [JavaFX Application Thread] DEBUG TMXLevelLoader       - Parsed TiledMap: file:/C:/Users/WDAGUtilityAccount/git/platformer/target/classes/assets/levels/tmx/level1.tmx
14:51:06.811 [JavaFX Application Thread] DEBUG TMXLevelLoader       - Creating tile layer entities
14:51:06.812 [JavaFX Application Thread] DEBUG TilesetLoader        - Loading view for layer Tile Layer 1
14:51:06.813 [JavaFX Application Thread] DEBUG TilesetLoader        - Created buffer with size 1050.0x700.0
14:51:06.828 [JavaFX Application Thread] DEBUG TMXLevelLoader       - Creating object layer entities
14:51:06.838 [JavaFX Application Thread] DEBUG GameWorld            - Clearing removable entities
14:51:06.840 [JavaFX Application Thread] DEBUG GameWorld            - Setting level: com.almasb.fxgl.entity.level.Level@6dce88f1
14:51:09.595 [JavaFX Application Thread] DEBUG TMXLevelLoader       - Parsed TiledMap: file:/C:/Users/WDAGUtilityAccount/git/platformer/target/classes/assets/levels/tmx/level1.tmx
14:51:09.595 [JavaFX Application Thread] DEBUG TMXLevelLoader       - Creating tile layer entities
14:51:09.596 [JavaFX Application Thread] DEBUG TilesetLoader        - Loading view for layer Tile Layer 1
14:51:09.598 [JavaFX Application Thread] DEBUG TilesetLoader        - Created buffer with size 1050.0x700.0
14:51:09.612 [JavaFX Application Thread] DEBUG TMXLevelLoader       - Creating object layer entities
14:51:09.615 [JavaFX Application Thread] DEBUG GameWorld            - Clearing removable entities
14:51:09.616 [JavaFX Application Thread] DEBUG GameWorld            - Setting level: com.almasb.fxgl.entity.level.Level@292dc3f4
14:51:24.021 [JavaFX Application Thread] DEBUG FXGLApplication      - Exiting FXGL
14:51:24.022 [JavaFX Application Thread] DEBUG LoopRunner           - Stopping loop
14:51:24.022 [JavaFX Application Thread] DEBUG SystemBundleService  - Saving FXGL system data
14:51:24.026 [JavaFX Application Thread] DEBUG FileSystemAccess     - Writing to: C:\Users\WDAGUtilityAccount\git\platformer\system\fxgl.bundle
14:51:24.036 [JavaFX Application Thread] DEBUG Async                - Shutting down background threads
14:51:24.036 [JavaFX Application Thread] DEBUG PrimaryStageWindow   - Closing main window
14:51:24.069 [JavaFX Application Thread] DEBUG Logger               - Closing Logger
