15:16:15.688 [main                     ] DEBUG Logger               - Configured Logger
15:16:15.737 [main                     ] DEBUG GameApplication      - Logging settings
Title: Untitled
Version: 0.0
Width: 1280
Height: 720
Fullscreen: false
Intro: false
Profiling: false
Single step:false
App Mode: DEVELOPER
Menu Key: ESCAPE
Stage Style: DECORATED
Scene Factory: class com.whhs.platformer.PlatformerApp$1

15:16:16.281 [JavaFX Application Thread] DEBUG FXGLApplication      - Initializing FXGL
15:16:16.292 [JavaFX Application Thread] INFO  Engine               - FXGL-17 (31.12.2021 18.16) on WINDOWS (J:17.0.8.1 FX:13)
15:16:16.294 [JavaFX Application Thread] DEBUG Engine               - JRE Vendor Name: Eclipse Adoptium
15:16:16.294 [JavaFX Application Thread] DEBUG Engine               - Running on OS: Windows 11 version 10.0
15:16:16.294 [JavaFX Application Thread] DEBUG Engine               - Architecture: amd64
15:16:16.294 [JavaFX Application Thread] INFO  Engine               - Source code and latest versions at: https://github.com/AlmasB/FXGL
15:16:16.294 [JavaFX Application Thread] INFO  Engine               -       Ask questions and discuss at: https://github.com/AlmasB/FXGL/discussions
15:16:16.295 [JavaFX Application Thread] INFO  Engine               -              Join the FXGL chat at: https://gitter.im/AlmasB/FXGL
15:16:16.397 [JavaFX Application Thread] DEBUG PrimaryStageWindow   - Creating a JavaFX scene
15:16:16.449 [JavaFX Application Thread] DEBUG PrimaryStageWindow   - Target settings size: 1280.0 x 720.0
15:16:16.450 [JavaFX Application Thread] DEBUG PrimaryStageWindow   - Scaled scene size:    1280.0 x 720.0
15:16:16.450 [JavaFX Application Thread] DEBUG PrimaryStageWindow   - Scaled ratio: (1.0, 1.0)
15:16:16.451 [JavaFX Application Thread] DEBUG PrimaryStageWindow   - Set initial scene to FXGLStartupScene
15:16:16.463 [JavaFX Application Thread] DEBUG PrimaryStageWindow   - Opening main window
15:16:16.548 [JavaFX Application Thread] DEBUG PrimaryStageWindow   - Window border size: (16.0, 39.0)
15:16:16.549 [JavaFX Application Thread] DEBUG PrimaryStageWindow   - Scaled size: 1280.0 x 720.0
15:16:16.550 [JavaFX Application Thread] DEBUG PrimaryStageWindow   - Scaled ratio: (1.0, 1.0)
15:16:16.550 [JavaFX Application Thread] DEBUG PrimaryStageWindow   - Scene size: 1280.0 x 720.0
15:16:16.551 [JavaFX Application Thread] DEBUG PrimaryStageWindow   - Stage size: 1296.0 x 759.0
15:16:16.561 [FXGL Background Thread 1 ] DEBUG Engine               - Initializing environment variables
15:16:16.659 [FXGL Background Thread 1 ] DEBUG FXGLAssetLoaderServi - User app class for loading assets: class com.whhs.platformer.PlatformerApp
15:16:16.660 [FXGL Background Thread 1 ] DEBUG GameApplicationServi - Applying CSS: fxgl_dark.css
15:16:16.662 [FXGL Background Thread 1 ] DEBUG FXGLAssetLoaderServi - Loading from file system: jar:file:///C:/Users/WDAGUtilityAccount/.m2/repository/com/github/almasb/fxgl/17/fxgl-17.jar!/fxglassets/ui/css/fxgl_dark.css
15:16:16.733 [FXGL Background Thread 1 ] DEBUG GameApplicationServi - Initializing application scenes
15:16:16.832 [FXGL Background Thread 1 ] DEBUG FXGLAssetLoaderServi - Loading from file system: file:/C:/Users/WDAGUtilityAccount/git/platformer/target/classes/assets/textures/player.png
15:16:16.856 [FXGL Background Thread 1 ] DEBUG GameWorld            - Game world initialized
15:16:16.895 [FXGL Background Thread 1 ] DEBUG PhysicsWorld         - Physics world initialized: appHeight=720, physics.ppm=50.0
15:16:16.896 [FXGL Background Thread 1 ] DEBUG PhysicsWorld         - Using strategy: BRUTE_FORCE
15:16:16.902 [FXGL Background Thread 1 ] DEBUG GameScene            - Game scene initialized: 1280x720
15:16:16.917 [FXGL Background Thread 1 ] DEBUG FXGL.DefaultMenu     - createMenuBodyGameMenu()
15:16:16.943 [FXGL Background Thread 1 ] DEBUG FXGL.DefaultMenu     - createOptionsMenu()
15:16:16.972 [FXGL Background Thread 1 ] DEBUG FXGLAssetLoaderServi - Loading from file system: jar:file:///C:/Users/WDAGUtilityAccount/.m2/repository/com/github/almasb/fxgl/17/fxgl-17.jar!/fxglassets/textures/particles/smoke.png
15:16:17.073 [FXGL Background Thread 1 ] DEBUG FXGLAssetLoaderServi - Loading from file system: jar:file:///C:/Users/WDAGUtilityAccount/.m2/repository/com/github/almasb/fxgl/17/fxgl-17.jar!/fxglassets/textures/particles/trace_horizontal.png
15:16:17.098 [FXGL Background Thread 1 ] DEBUG GameApplicationServi - Application scenes initialized
15:16:17.131 [FXGL Background Thread 1 ] DEBUG SystemBundleService  - Loading FXGL system data
15:16:17.145 [FXGL Background Thread 1 ] DEBUG FileSystemAccess     - Reading from: C:\Users\WDAGUtilityAccount\git\platformer\system\fxgl.bundle
15:16:17.166 [FXGL Background Thread 1 ] DEBUG SystemBundleService  - Bundle FXGL: {}
15:16:17.166 [FXGL Background Thread 1 ] DEBUG UpdaterService       - Checking for updates
15:16:17.184 [FXGL Background Thread 4 ] DEBUG FXGLApplication      - Loading fonts
15:16:17.185 [FXGL Background Thread 4 ] DEBUG FXGLAssetLoaderServi - Loading from file system: jar:file:///C:/Users/WDAGUtilityAccount/.m2/repository/com/github/almasb/fxgl/17/fxgl-17.jar!/fxglassets/ui/fonts/VarelaRound-Regular.ttf
15:16:17.188 [FXGL Background Thread 1 ] DEBUG FXGLApplication      - Loading default localization
15:16:17.190 [FXGL Background Thread 1 ] DEBUG FXGLAssetLoaderServi - Loading from file system: jar:file:///C:/Users/WDAGUtilityAccount/.m2/repository/com/github/almasb/fxgl/17/fxgl-17.jar!/fxglassets/languages/english.lang
15:16:17.276 [FXGL Background Thread 4 ] DEBUG FXGLAssetLoaderServi - Loading from file system: jar:file:///C:/Users/WDAGUtilityAccount/.m2/repository/com/github/almasb/fxgl/17/fxgl-17.jar!/fxglassets/ui/fonts/Abel-Regular.ttf
15:16:17.278 [FXGL Background Thread 4 ] DEBUG FXGLAssetLoaderServi - Loading from file system: jar:file:///C:/Users/WDAGUtilityAccount/.m2/repository/com/github/almasb/fxgl/17/fxgl-17.jar!/fxglassets/ui/fonts/TerminalLandMono-Regular.otf
15:16:17.281 [FXGL Background Thread 4 ] DEBUG FXGLAssetLoaderServi - Loading from file system: jar:file:///C:/Users/WDAGUtilityAccount/.m2/repository/com/github/almasb/fxgl/17/fxgl-17.jar!/fxglassets/ui/fonts/Courier-Prime.ttf
15:16:17.293 [JavaFX Application Thread] DEBUG FXGLApplication      - Registering font factories with UI factory
15:16:17.317 [FXGL Background Thread 1 ] INFO  FXGLApplication      - FXGL initialization took: 0.756 sec
15:16:17.349 [JavaFX Application Thread] DEBUG Input                - Registered new binding: left - A
15:16:17.349 [JavaFX Application Thread] DEBUG Input                - Registered new binding: Right - D
15:16:17.350 [JavaFX Application Thread] DEBUG Input                - Registered new binding: Jump - W
15:16:17.350 [JavaFX Application Thread] DEBUG Input                - Registered new binding: Use - E
15:16:17.351 [JavaFX Application Thread] DEBUG FXGLAssetLoaderServi - Loading from file system: jar:file:///C:/Users/WDAGUtilityAccount/.m2/repository/com/github/almasb/fxgl/17/fxgl-17.jar!/fxglassets/textures/fxgl_icon.png
15:16:17.386 [JavaFX Application Thread] DEBUG FXGLAssetLoaderServi - Loading from file system: jar:file:///C:/Users/WDAGUtilityAccount/.m2/repository/com/github/almasb/fxgl/17/fxgl-17.jar!/fxglassets/textures/fxgl_default_cursor.png
15:16:17.388 [JavaFX Application Thread] DEBUG Input                - Registered new binding: Screenshot - CTRL+8
15:16:17.390 [JavaFX Application Thread] DEBUG Input                - Registered new binding: System info dump - CTRL+9
15:16:17.390 [JavaFX Application Thread] DEBUG Input                - Registered new binding: Restart - CTRL+R
15:16:17.391 [JavaFX Application Thread] DEBUG Input                - Registered new binding: Toggle Debug Camera - CTRL+7
15:16:17.396 [JavaFX Application Thread] DEBUG LoopRunner           - Starting loop
15:16:17.397 [JavaFX Application Thread] DEBUG LoopRunner           - Initializing JavaFX AnimationTimerLoop
15:16:17.404 [JavaFX Application Thread] DEBUG GameApplicationServi - Starting new game
15:16:17.405 [JavaFX Application Thread] DEBUG Input                - Clearing active input actions
15:16:17.432 [JavaFX Application Thread] DEBUG GameApplicationServi - Removing overlay from FXGLStartupScene and adding to MainLoadingScene
15:16:17.432 [JavaFX Application Thread] DEBUG PrimaryStageWindow   - FXGLStartupScene -> MainLoadingScene
15:16:17.432 [JavaFX Application Thread] DEBUG GameApplicationServi - Clearing previous game
15:16:17.432 [JavaFX Application Thread] DEBUG GameScene            - Clearing game scene
15:16:17.432 [JavaFX Application Thread] DEBUG GameWorld            - Clearing game world
15:16:17.433 [JavaFX Application Thread] DEBUG PhysicsWorld         - Clearing physics world
15:16:17.437 [FXGL Background Thread 1 ] DEBUG FXGLApplication      - Initializing game
15:16:17.612 [FXGL Background Thread 1 ] DEBUG TMXLevelLoader       - Parsed TiledMap: file:/C:/Users/WDAGUtilityAccount/git/platformer/target/classes/assets/levels/tmx/level1.tmx
15:16:17.612 [FXGL Background Thread 1 ] DEBUG TMXLevelLoader       - Creating tile layer entities
15:16:17.615 [FXGL Background Thread 1 ] DEBUG TilesetLoader        - Loading view for layer Tile Layer 1
15:16:17.616 [FXGL Background Thread 1 ] DEBUG TilesetLoader        - Created buffer with size 1050.0x700.0
15:16:17.631 [FXGL Background Thread 1 ] DEBUG TMXLevelLoader       - Creating object layer entities
15:16:17.716 [FXGL Background Thread 1 ] DEBUG GameWorld            - Clearing removable entities
15:16:17.720 [FXGL Background Thread 1 ] DEBUG GameWorld            - Setting level: com.almasb.fxgl.entity.level.Level@5100f777
15:16:17.779 [FXGL Background Thread 1 ] DEBUG FXGLAssetLoaderServi - Loading from file system: file:/C:/Users/WDAGUtilityAccount/git/platformer/target/classes/assets/textures/background/forest.png
15:16:17.807 [FXGL Background Thread 1 ] DEBUG FXGLAssetLoaderServi - Loading from file system: file:/C:/Users/WDAGUtilityAccount/git/platformer/target/classes/assets/textures/button.png
15:16:17.827 [FXGL Background Thread 1 ] INFO  FXGLApplication      - Game initialization took: 0.391 sec
15:16:17.829 [JavaFX Application Thread] DEBUG Input                - Clearing active input actions
15:16:17.842 [JavaFX Application Thread] DEBUG GameApplicationServi - Removing overlay from MainLoadingScene and adding to GameScene
15:16:17.842 [JavaFX Application Thread] DEBUG PrimaryStageWindow   - MainLoadingScene -> GameScene
15:16:18.347 [FXGL Background Thread 2 ] INFO  UpdaterService       - Your current version:  17
15:16:18.348 [FXGL Background Thread 2 ] INFO  UpdaterService       - Latest stable version: 17.3
15:16:20.178 [FXGL Background Thread 3 ] DEBUG Engine               - Logging environment variables
15:16:20.179 [FXGL Background Thread 3 ] DEBUG Engine               - achievements: []
15:16:20.179 [FXGL Background Thread 3 ] DEBUG Engine               - actualHeight: 720.0
15:16:20.179 [FXGL Background Thread 3 ] DEBUG Engine               - actualHeightProperty: ReadOnlyDoubleProperty [value: 720.0]
15:16:20.179 [FXGL Background Thread 3 ] DEBUG Engine               - actualWidth: 1280.0
15:16:20.179 [FXGL Background Thread 3 ] DEBUG Engine               - actualWidthProperty: ReadOnlyDoubleProperty [value: 1280.0]
15:16:20.179 [FXGL Background Thread 3 ] DEBUG Engine               - appIcon: fxgl_icon.png
15:16:20.179 [FXGL Background Thread 3 ] DEBUG Engine               - applicationMode: DEVELOPER
15:16:20.179 [FXGL Background Thread 3 ] DEBUG Engine               - cSSList: [fxgl_dark.css]
15:16:20.179 [FXGL Background Thread 3 ] DEBUG Engine               - collisionDetectionStrategy: BRUTE_FORCE
15:16:20.179 [FXGL Background Thread 3 ] DEBUG Engine               - configClass: Optional.empty
15:16:20.179 [FXGL Background Thread 3 ] DEBUG Engine               - credits: []
15:16:20.180 [FXGL Background Thread 3 ] DEBUG Engine               - defaultCursor: CursorInfo(imageName=fxgl_default_cursor.png, hotspotX=7.0, hotspotY=6.0)
15:16:20.180 [FXGL Background Thread 3 ] DEBUG Engine               - devBBoxColorProperty: ObjectProperty [value: 0xff0000ff]
15:16:20.180 [FXGL Background Thread 3 ] DEBUG Engine               - devEnableDebugCameraProperty: BooleanProperty [value: false]
15:16:20.180 [FXGL Background Thread 3 ] DEBUG Engine               - devSensorColorProperty: ObjectProperty [value: 0xffff00ff]
15:16:20.180 [FXGL Background Thread 3 ] DEBUG Engine               - devShowBBoxProperty: BooleanProperty [value: false]
15:16:20.180 [FXGL Background Thread 3 ] DEBUG Engine               - devShowPositionProperty: BooleanProperty [value: false]
15:16:20.180 [FXGL Background Thread 3 ] DEBUG Engine               - enabledMenuItems: []
15:16:20.180 [FXGL Background Thread 3 ] DEBUG Engine               - engineServices: [class com.almasb.fxgl.app.services.FXGLAssetLoaderService, class com.almasb.fxgl.app.FXGLApplication$GameApplicationService, class com.almasb.fxgl.app.services.FXGLDialogService, class com.almasb.fxgl.app.services.IOTaskExecutorService, class com.almasb.fxgl.io.FileSystemService, class com.almasb.fxgl.localization.LocalizationService, class com.almasb.fxgl.app.services.SystemBundleService, class com.almasb.fxgl.profile.SaveLoadService, class com.almasb.fxgl.ui.FXGLUIFactoryServiceProvider, class com.almasb.fxgl.ui.FXGLDialogFactoryServiceProvider, class com.almasb.fxgl.audio.AudioPlayer, class com.almasb.fxgl.notification.impl.NotificationServiceProvider, class com.almasb.fxgl.achievement.AchievementService, class com.almasb.fxgl.cutscene.CutsceneService, class com.almasb.fxgl.minigames.MiniGameService, class com.almasb.fxgl.net.NetService, class com.almasb.fxgl.app.services.UpdaterService, class com.almasb.fxgl.dev.DevService]
15:16:20.180 [FXGL Background Thread 3 ] DEBUG Engine               - fontGame: Abel-Regular.ttf
15:16:20.180 [FXGL Background Thread 3 ] DEBUG Engine               - fontMono: TerminalLandMono-Regular.otf
15:16:20.181 [FXGL Background Thread 3 ] DEBUG Engine               - fontText: Courier-Prime.ttf
15:16:20.181 [FXGL Background Thread 3 ] DEBUG Engine               - fontUI: VarelaRound-Regular.ttf
15:16:20.181 [FXGL Background Thread 3 ] DEBUG Engine               - fullScreen: BooleanProperty [value: false]
15:16:20.181 [FXGL Background Thread 3 ] DEBUG Engine               - gameDifficulty: MEDIUM
15:16:20.181 [FXGL Background Thread 3 ] DEBUG Engine               - gameDifficultyProperty: ObjectProperty [value: MEDIUM]
15:16:20.181 [FXGL Background Thread 3 ] DEBUG Engine               - globalMusicVolume: 0.5
15:16:20.181 [FXGL Background Thread 3 ] DEBUG Engine               - globalMusicVolumeProperty: DoubleProperty [value: 0.5]
15:16:20.181 [FXGL Background Thread 3 ] DEBUG Engine               - globalSoundVolume: 0.5
15:16:20.181 [FXGL Background Thread 3 ] DEBUG Engine               - globalSoundVolumeProperty: DoubleProperty [value: 0.5]
15:16:20.181 [FXGL Background Thread 3 ] DEBUG Engine               - height: 720
15:16:20.181 [FXGL Background Thread 3 ] DEBUG Engine               - is3D: false
15:16:20.181 [FXGL Background Thread 3 ] DEBUG Engine               - isAndroid: false
15:16:20.181 [FXGL Background Thread 3 ] DEBUG Engine               - isBrowser: false
15:16:20.181 [FXGL Background Thread 3 ] DEBUG Engine               - isClickFeedbackEnabled: false
15:16:20.181 [FXGL Background Thread 3 ] DEBUG Engine               - isCloseConfirmation: false
15:16:20.181 [FXGL Background Thread 3 ] DEBUG Engine               - isDesktop: true
15:16:20.181 [FXGL Background Thread 3 ] DEBUG Engine               - isDeveloperMenuEnabled: false
15:16:20.182 [FXGL Background Thread 3 ] DEBUG Engine               - isEmbedded: false
15:16:20.182 [FXGL Background Thread 3 ] DEBUG Engine               - isEntityPreloadEnabled: true
15:16:20.182 [FXGL Background Thread 3 ] DEBUG Engine               - isExperimentalTiledLargeMap: false
15:16:20.182 [FXGL Background Thread 3 ] DEBUG Engine               - isFileSystemWriteAllowed: true
15:16:20.182 [FXGL Background Thread 3 ] DEBUG Engine               - isFullScreenAllowed: false
15:16:20.182 [FXGL Background Thread 3 ] DEBUG Engine               - isFullScreenFromStart: false
15:16:20.182 [FXGL Background Thread 3 ] DEBUG Engine               - isGameMenuEnabled: true
15:16:20.182 [FXGL Background Thread 3 ] DEBUG Engine               - isIOS: false
15:16:20.182 [FXGL Background Thread 3 ] DEBUG Engine               - isIntroEnabled: false
15:16:20.182 [FXGL Background Thread 3 ] DEBUG Engine               - isLinux: false
15:16:20.182 [FXGL Background Thread 3 ] DEBUG Engine               - isMac: false
15:16:20.182 [FXGL Background Thread 3 ] DEBUG Engine               - isMainMenuEnabled: false
15:16:20.182 [FXGL Background Thread 3 ] DEBUG Engine               - isManualResizeEnabled: false
15:16:20.182 [FXGL Background Thread 3 ] DEBUG Engine               - isMobile: false
15:16:20.182 [FXGL Background Thread 3 ] DEBUG Engine               - isNative: false
15:16:20.182 [FXGL Background Thread 3 ] DEBUG Engine               - isPauseMusicWhenMinimized: true
15:16:20.182 [FXGL Background Thread 3 ] DEBUG Engine               - isPreserveResizeRatio: false
15:16:20.182 [FXGL Background Thread 3 ] DEBUG Engine               - isProfilingEnabled: false
15:16:20.182 [FXGL Background Thread 3 ] DEBUG Engine               - isScaleAffectedOnResize: true
15:16:20.182 [FXGL Background Thread 3 ] DEBUG Engine               - isSingleStep: false
15:16:20.182 [FXGL Background Thread 3 ] DEBUG Engine               - isUserProfileEnabled: false
15:16:20.183 [FXGL Background Thread 3 ] DEBUG Engine               - isWindows: true
15:16:20.183 [FXGL Background Thread 3 ] DEBUG Engine               - language: ObjectProperty [value: ENGLISH]
15:16:20.183 [FXGL Background Thread 3 ] DEBUG Engine               - menuKey: ESCAPE
15:16:20.183 [FXGL Background Thread 3 ] DEBUG Engine               - mouseSensitivity: 0.2
15:16:20.183 [FXGL Background Thread 3 ] DEBUG Engine               - notificationViewClass: class com.almasb.fxgl.notification.view.XboxNotificationView
15:16:20.183 [FXGL Background Thread 3 ] DEBUG Engine               - pixelsPerMeter: 50.0
15:16:20.183 [FXGL Background Thread 3 ] DEBUG Engine               - platform: WINDOWS
15:16:20.183 [FXGL Background Thread 3 ] DEBUG Engine               - prefHeightProperty: ReadOnlyDoubleProperty [value: 720.0]
15:16:20.183 [FXGL Background Thread 3 ] DEBUG Engine               - prefWidthProperty: ReadOnlyDoubleProperty [value: 1280.0]
15:16:20.183 [FXGL Background Thread 3 ] DEBUG Engine               - profileDir: profiles/
15:16:20.183 [FXGL Background Thread 3 ] DEBUG Engine               - profileName: StringProperty [value: DEFAULT]
15:16:20.183 [FXGL Background Thread 3 ] DEBUG Engine               - randomSeed: -1
15:16:20.184 [FXGL Background Thread 3 ] DEBUG Engine               - runtimeInfo: RuntimeInfo(platform=WINDOWS, version=17, build=31.12.2021 18.16)
15:16:20.184 [FXGL Background Thread 3 ] DEBUG Engine               - saveFileExt: sav
15:16:20.184 [FXGL Background Thread 3 ] DEBUG Engine               - scaledHeightProp$fxgl: DoubleProperty [bound, value: 720.0]
15:16:20.184 [FXGL Background Thread 3 ] DEBUG Engine               - scaledWidthProp$fxgl: DoubleProperty [bound, value: 1280.0]
15:16:20.184 [FXGL Background Thread 3 ] DEBUG Engine               - sceneFactory: com.whhs.platformer.PlatformerApp$1@1fa9ad26
15:16:20.184 [FXGL Background Thread 3 ] DEBUG Engine               - secondsIn24h: 60
15:16:20.184 [FXGL Background Thread 3 ] DEBUG Engine               - soundMenuBack: menu/back.wav
15:16:20.184 [FXGL Background Thread 3 ] DEBUG Engine               - soundMenuPress: menu/press.wav
15:16:20.184 [FXGL Background Thread 3 ] DEBUG Engine               - soundMenuSelect: menu/select.wav
15:16:20.184 [FXGL Background Thread 3 ] DEBUG Engine               - soundNotification: core/notification.wav
15:16:20.184 [FXGL Background Thread 3 ] DEBUG Engine               - stageStyle: DECORATED
15:16:20.184 [FXGL Background Thread 3 ] DEBUG Engine               - supportedLanguages: [ENGLISH, FRENCH, GERMAN, HUNGARIAN, RUSSIAN]
15:16:20.184 [FXGL Background Thread 3 ] DEBUG Engine               - ticksPerSecond: -1
15:16:20.184 [FXGL Background Thread 3 ] DEBUG Engine               - title: Untitled
15:16:20.184 [FXGL Background Thread 3 ] DEBUG Engine               - urlGithub: https://github.com/AlmasB/FXGL
15:16:20.184 [FXGL Background Thread 3 ] DEBUG Engine               - urlLeaderboard: http://fxgl-top.herokuapp.com/
15:16:20.185 [FXGL Background Thread 3 ] DEBUG Engine               - urlPOM: https://raw.githubusercontent.com/AlmasB/FXGL/release/README.md
15:16:20.185 [FXGL Background Thread 3 ] DEBUG Engine               - userAppClass: class com.whhs.platformer.PlatformerApp
15:16:20.185 [FXGL Background Thread 3 ] DEBUG Engine               - version: 0.0
15:16:20.185 [FXGL Background Thread 3 ] DEBUG Engine               - versionCheckDays: 7
15:16:20.185 [FXGL Background Thread 3 ] DEBUG Engine               - width: 1280
15:16:20.185 [FXGL Background Thread 3 ] DEBUG Engine               - Logging services
15:16:20.185 [FXGL Background Thread 3 ] DEBUG Engine               - class com.almasb.fxgl.app.services.FXGLAssetLoaderService
15:16:20.185 [FXGL Background Thread 3 ] DEBUG Engine               - class com.almasb.fxgl.app.FXGLApplication$GameApplicationService
15:16:20.185 [FXGL Background Thread 3 ] DEBUG Engine               - class com.almasb.fxgl.app.services.FXGLDialogService
15:16:20.185 [FXGL Background Thread 3 ] DEBUG Engine               - class com.almasb.fxgl.app.services.IOTaskExecutorService
15:16:20.185 [FXGL Background Thread 3 ] DEBUG Engine               - class com.almasb.fxgl.io.FileSystemService
15:16:20.185 [FXGL Background Thread 3 ] DEBUG Engine               - class com.almasb.fxgl.localization.LocalizationService
15:16:20.185 [FXGL Background Thread 3 ] DEBUG Engine               - class com.almasb.fxgl.app.services.SystemBundleService
15:16:20.185 [FXGL Background Thread 3 ] DEBUG Engine               - class com.almasb.fxgl.profile.SaveLoadService
15:16:20.185 [FXGL Background Thread 3 ] DEBUG Engine               - class com.almasb.fxgl.ui.FXGLUIFactoryServiceProvider
15:16:20.186 [FXGL Background Thread 3 ] DEBUG Engine               - class com.almasb.fxgl.ui.FXGLDialogFactoryServiceProvider
15:16:20.186 [FXGL Background Thread 3 ] DEBUG Engine               - class com.almasb.fxgl.audio.AudioPlayer
15:16:20.186 [FXGL Background Thread 3 ] DEBUG Engine               - class com.almasb.fxgl.notification.impl.NotificationServiceProvider
15:16:20.186 [FXGL Background Thread 3 ] DEBUG Engine               - class com.almasb.fxgl.achievement.AchievementService
15:16:20.186 [FXGL Background Thread 3 ] DEBUG Engine               - class com.almasb.fxgl.cutscene.CutsceneService
15:16:20.186 [FXGL Background Thread 3 ] DEBUG Engine               - class com.almasb.fxgl.minigames.MiniGameService
15:16:20.186 [FXGL Background Thread 3 ] DEBUG Engine               - class com.almasb.fxgl.net.NetService
15:16:20.186 [FXGL Background Thread 3 ] DEBUG Engine               - class com.almasb.fxgl.app.services.UpdaterService
15:16:20.186 [FXGL Background Thread 3 ] DEBUG Engine               - class com.almasb.fxgl.dev.DevService
15:16:37.470 [JavaFX Application Thread] DEBUG TMXLevelLoader       - Parsed TiledMap: file:/C:/Users/WDAGUtilityAccount/git/platformer/target/classes/assets/levels/tmx/level1.tmx
15:16:37.470 [JavaFX Application Thread] DEBUG TMXLevelLoader       - Creating tile layer entities
15:16:37.471 [JavaFX Application Thread] DEBUG TilesetLoader        - Loading view for layer Tile Layer 1
15:16:37.475 [JavaFX Application Thread] DEBUG TilesetLoader        - Created buffer with size 1050.0x700.0
15:16:37.499 [JavaFX Application Thread] DEBUG TMXLevelLoader       - Creating object layer entities
15:16:37.502 [JavaFX Application Thread] DEBUG GameWorld            - Clearing removable entities
15:16:37.507 [JavaFX Application Thread] DEBUG GameWorld            - Setting level: com.almasb.fxgl.entity.level.Level@23bf1e7
15:16:48.271 [JavaFX Application Thread] DEBUG TMXLevelLoader       - Parsed TiledMap: file:/C:/Users/WDAGUtilityAccount/git/platformer/target/classes/assets/levels/tmx/level1.tmx
15:16:48.272 [JavaFX Application Thread] DEBUG TMXLevelLoader       - Creating tile layer entities
15:16:48.273 [JavaFX Application Thread] DEBUG TilesetLoader        - Loading view for layer Tile Layer 1
15:16:48.274 [JavaFX Application Thread] DEBUG TilesetLoader        - Created buffer with size 1050.0x700.0
15:16:48.283 [JavaFX Application Thread] DEBUG TMXLevelLoader       - Creating object layer entities
15:16:48.288 [JavaFX Application Thread] DEBUG GameWorld            - Clearing removable entities
15:16:48.289 [JavaFX Application Thread] DEBUG GameWorld            - Setting level: com.almasb.fxgl.entity.level.Level@57c8bce0
15:16:52.223 [JavaFX Application Thread] DEBUG FXGLApplication      - Exiting FXGL
15:16:52.223 [JavaFX Application Thread] DEBUG LoopRunner           - Stopping loop
15:16:52.224 [JavaFX Application Thread] DEBUG SystemBundleService  - Saving FXGL system data
15:16:52.225 [JavaFX Application Thread] DEBUG FileSystemAccess     - Writing to: C:\Users\WDAGUtilityAccount\git\platformer\system\fxgl.bundle
15:16:52.227 [JavaFX Application Thread] DEBUG Async                - Shutting down background threads
15:16:52.227 [JavaFX Application Thread] DEBUG PrimaryStageWindow   - Closing main window
15:16:52.246 [JavaFX Application Thread] DEBUG Logger               - Closing Logger
